This is pdfTeX, Version 3.14159265-2.6-1.40.16 (TeX Live 2015/Debian) (preloaded format=pdflatex 2017.10.10)  11 MAY 2018 17:12
entering extended mode
 restricted \write18 enabled.
 %&-line parsing enabled.
**sablona.tex
(./sablona.tex
LaTeX2e <2016/02/01>
Babel <3.9q> and hyphenation patterns for 81 language(s) loaded.
(/usr/share/texlive/texmf-dist/tex/latex/base/report.cls
Document Class: report 2014/09/29 v1.4h Standard LaTeX document class
(/usr/share/texlive/texmf-dist/tex/latex/base/size12.clo
File: size12.clo 2014/09/29 v1.4h Standard LaTeX file (size option)
)
\c@part=\count79
\c@chapter=\count80
\c@section=\count81
\c@subsection=\count82
\c@subsubsection=\count83
\c@paragraph=\count84
\c@subparagraph=\count85
\c@figure=\count86
\c@table=\count87
\abovecaptionskip=\skip41
\belowcaptionskip=\skip42
\bibindent=\dimen102
)
(/usr/share/texlive/texmf-dist/tex/latex/base/inputenc.sty
Package: inputenc 2015/03/17 v1.2c Input encoding file
\inpenc@prehook=\toks14
\inpenc@posthook=\toks15

(/usr/share/texlive/texmf-dist/tex/latex/base/utf8.def
File: utf8.def 2015/12/03 v1.1r UTF-8 support for inputenc
Now handling font encoding OML ...
... no UTF-8 mapping file for font encoding OML
Now handling font encoding T1 ...
... processing UTF-8 mapping file for font encoding T1

(/usr/share/texlive/texmf-dist/tex/latex/base/t1enc.dfu
File: t1enc.dfu 2015/12/03 v1.1r UTF-8 support for inputenc
   defining Unicode char U+00A0 (decimal 160)
   defining Unicode char U+00A1 (decimal 161)
   defining Unicode char U+00A3 (decimal 163)
   defining Unicode char U+00AB (decimal 171)
   defining Unicode char U+00AD (decimal 173)
   defining Unicode char U+00BB (decimal 187)
   defining Unicode char U+00BF (decimal 191)
   defining Unicode char U+00C0 (decimal 192)
   defining Unicode char U+00C1 (decimal 193)
   defining Unicode char U+00C2 (decimal 194)
   defining Unicode char U+00C3 (decimal 195)
   defining Unicode char U+00C4 (decimal 196)
   defining Unicode char U+00C5 (decimal 197)
   defining Unicode char U+00C6 (decimal 198)
   defining Unicode char U+00C7 (decimal 199)
   defining Unicode char U+00C8 (decimal 200)
   defining Unicode char U+00C9 (decimal 201)
   defining Unicode char U+00CA (decimal 202)
   defining Unicode char U+00CB (decimal 203)
   defining Unicode char U+00CC (decimal 204)
   defining Unicode char U+00CD (decimal 205)
   defining Unicode char U+00CE (decimal 206)
   defining Unicode char U+00CF (decimal 207)
   defining Unicode char U+00D0 (decimal 208)
   defining Unicode char U+00D1 (decimal 209)
   defining Unicode char U+00D2 (decimal 210)
   defining Unicode char U+00D3 (decimal 211)
   defining Unicode char U+00D4 (decimal 212)
   defining Unicode char U+00D5 (decimal 213)
   defining Unicode char U+00D6 (decimal 214)
   defining Unicode char U+00D8 (decimal 216)
   defining Unicode char U+00D9 (decimal 217)
   defining Unicode char U+00DA (decimal 218)
   defining Unicode char U+00DB (decimal 219)
   defining Unicode char U+00DC (decimal 220)
   defining Unicode char U+00DD (decimal 221)
   defining Unicode char U+00DE (decimal 222)
   defining Unicode char U+00DF (decimal 223)
   defining Unicode char U+00E0 (decimal 224)
   defining Unicode char U+00E1 (decimal 225)
   defining Unicode char U+00E2 (decimal 226)
   defining Unicode char U+00E3 (decimal 227)
   defining Unicode char U+00E4 (decimal 228)
   defining Unicode char U+00E5 (decimal 229)
   defining Unicode char U+00E6 (decimal 230)
   defining Unicode char U+00E7 (decimal 231)
   defining Unicode char U+00E8 (decimal 232)
   defining Unicode char U+00E9 (decimal 233)
   defining Unicode char U+00EA (decimal 234)
   defining Unicode char U+00EB (decimal 235)
   defining Unicode char U+00EC (decimal 236)
   defining Unicode char U+00ED (decimal 237)
   defining Unicode char U+00EE (decimal 238)
   defining Unicode char U+00EF (decimal 239)
   defining Unicode char U+00F0 (decimal 240)
   defining Unicode char U+00F1 (decimal 241)
   defining Unicode char U+00F2 (decimal 242)
   defining Unicode char U+00F3 (decimal 243)
   defining Unicode char U+00F4 (decimal 244)
   defining Unicode char U+00F5 (decimal 245)
   defining Unicode char U+00F6 (decimal 246)
   defining Unicode char U+00F8 (decimal 248)
   defining Unicode char U+00F9 (decimal 249)
   defining Unicode char U+00FA (decimal 250)
   defining Unicode char U+00FB (decimal 251)
   defining Unicode char U+00FC (decimal 252)
   defining Unicode char U+00FD (decimal 253)
   defining Unicode char U+00FE (decimal 254)
   defining Unicode char U+00FF (decimal 255)
   defining Unicode char U+0100 (decimal 256)
   defining Unicode char U+0101 (decimal 257)
   defining Unicode char U+0102 (decimal 258)
   defining Unicode char U+0103 (decimal 259)
   defining Unicode char U+0104 (decimal 260)
   defining Unicode char U+0105 (decimal 261)
   defining Unicode char U+0106 (decimal 262)
   defining Unicode char U+0107 (decimal 263)
   defining Unicode char U+0108 (decimal 264)
   defining Unicode char U+0109 (decimal 265)
   defining Unicode char U+010A (decimal 266)
   defining Unicode char U+010B (decimal 267)
   defining Unicode char U+010C (decimal 268)
   defining Unicode char U+010D (decimal 269)
   defining Unicode char U+010E (decimal 270)
   defining Unicode char U+010F (decimal 271)
   defining Unicode char U+0110 (decimal 272)
   defining Unicode char U+0111 (decimal 273)
   defining Unicode char U+0112 (decimal 274)
   defining Unicode char U+0113 (decimal 275)
   defining Unicode char U+0114 (decimal 276)
   defining Unicode char U+0115 (decimal 277)
   defining Unicode char U+0116 (decimal 278)
   defining Unicode char U+0117 (decimal 279)
   defining Unicode char U+0118 (decimal 280)
   defining Unicode char U+0119 (decimal 281)
   defining Unicode char U+011A (decimal 282)
   defining Unicode char U+011B (decimal 283)
   defining Unicode char U+011C (decimal 284)
   defining Unicode char U+011D (decimal 285)
   defining Unicode char U+011E (decimal 286)
   defining Unicode char U+011F (decimal 287)
   defining Unicode char U+0120 (decimal 288)
   defining Unicode char U+0121 (decimal 289)
   defining Unicode char U+0122 (decimal 290)
   defining Unicode char U+0123 (decimal 291)
   defining Unicode char U+0124 (decimal 292)
   defining Unicode char U+0125 (decimal 293)
   defining Unicode char U+0128 (decimal 296)
   defining Unicode char U+0129 (decimal 297)
   defining Unicode char U+012A (decimal 298)
   defining Unicode char U+012B (decimal 299)
   defining Unicode char U+012C (decimal 300)
   defining Unicode char U+012D (decimal 301)
   defining Unicode char U+012E (decimal 302)
   defining Unicode char U+012F (decimal 303)
   defining Unicode char U+0130 (decimal 304)
   defining Unicode char U+0131 (decimal 305)
   defining Unicode char U+0132 (decimal 306)
   defining Unicode char U+0133 (decimal 307)
   defining Unicode char U+0134 (decimal 308)
   defining Unicode char U+0135 (decimal 309)
   defining Unicode char U+0136 (decimal 310)
   defining Unicode char U+0137 (decimal 311)
   defining Unicode char U+0139 (decimal 313)
   defining Unicode char U+013A (decimal 314)
   defining Unicode char U+013B (decimal 315)
   defining Unicode char U+013C (decimal 316)
   defining Unicode char U+013D (decimal 317)
   defining Unicode char U+013E (decimal 318)
   defining Unicode char U+0141 (decimal 321)
   defining Unicode char U+0142 (decimal 322)
   defining Unicode char U+0143 (decimal 323)
   defining Unicode char U+0144 (decimal 324)
   defining Unicode char U+0145 (decimal 325)
   defining Unicode char U+0146 (decimal 326)
   defining Unicode char U+0147 (decimal 327)
   defining Unicode char U+0148 (decimal 328)
   defining Unicode char U+014A (decimal 330)
   defining Unicode char U+014B (decimal 331)
   defining Unicode char U+014C (decimal 332)
   defining Unicode char U+014D (decimal 333)
   defining Unicode char U+014E (decimal 334)
   defining Unicode char U+014F (decimal 335)
   defining Unicode char U+0150 (decimal 336)
   defining Unicode char U+0151 (decimal 337)
   defining Unicode char U+0152 (decimal 338)
   defining Unicode char U+0153 (decimal 339)
   defining Unicode char U+0154 (decimal 340)
   defining Unicode char U+0155 (decimal 341)
   defining Unicode char U+0156 (decimal 342)
   defining Unicode char U+0157 (decimal 343)
   defining Unicode char U+0158 (decimal 344)
   defining Unicode char U+0159 (decimal 345)
   defining Unicode char U+015A (decimal 346)
   defining Unicode char U+015B (decimal 347)
   defining Unicode char U+015C (decimal 348)
   defining Unicode char U+015D (decimal 349)
   defining Unicode char U+015E (decimal 350)
   defining Unicode char U+015F (decimal 351)
   defining Unicode char U+0160 (decimal 352)
   defining Unicode char U+0161 (decimal 353)
   defining Unicode char U+0162 (decimal 354)
   defining Unicode char U+0163 (decimal 355)
   defining Unicode char U+0164 (decimal 356)
   defining Unicode char U+0165 (decimal 357)
   defining Unicode char U+0168 (decimal 360)
   defining Unicode char U+0169 (decimal 361)
   defining Unicode char U+016A (decimal 362)
   defining Unicode char U+016B (decimal 363)
   defining Unicode char U+016C (decimal 364)
   defining Unicode char U+016D (decimal 365)
   defining Unicode char U+016E (decimal 366)
   defining Unicode char U+016F (decimal 367)
   defining Unicode char U+0170 (decimal 368)
   defining Unicode char U+0171 (decimal 369)
   defining Unicode char U+0172 (decimal 370)
   defining Unicode char U+0173 (decimal 371)
   defining Unicode char U+0174 (decimal 372)
   defining Unicode char U+0175 (decimal 373)
   defining Unicode char U+0176 (decimal 374)
   defining Unicode char U+0177 (decimal 375)
   defining Unicode char U+0178 (decimal 376)
   defining Unicode char U+0179 (decimal 377)
   defining Unicode char U+017A (decimal 378)
   defining Unicode char U+017B (decimal 379)
   defining Unicode char U+017C (decimal 380)
   defining Unicode char U+017D (decimal 381)
   defining Unicode char U+017E (decimal 382)
   defining Unicode char U+01CD (decimal 461)
   defining Unicode char U+01CE (decimal 462)
   defining Unicode char U+01CF (decimal 463)
   defining Unicode char U+01D0 (decimal 464)
   defining Unicode char U+01D1 (decimal 465)
   defining Unicode char U+01D2 (decimal 466)
   defining Unicode char U+01D3 (decimal 467)
   defining Unicode char U+01D4 (decimal 468)
   defining Unicode char U+01E2 (decimal 482)
   defining Unicode char U+01E3 (decimal 483)
   defining Unicode char U+01E6 (decimal 486)
   defining Unicode char U+01E7 (decimal 487)
   defining Unicode char U+01E8 (decimal 488)
   defining Unicode char U+01E9 (decimal 489)
   defining Unicode char U+01EA (decimal 490)
   defining Unicode char U+01EB (decimal 491)
   defining Unicode char U+01F0 (decimal 496)
   defining Unicode char U+01F4 (decimal 500)
   defining Unicode char U+01F5 (decimal 501)
   defining Unicode char U+0218 (decimal 536)
   defining Unicode char U+0219 (decimal 537)
   defining Unicode char U+021A (decimal 538)
   defining Unicode char U+021B (decimal 539)
   defining Unicode char U+01E02 (decimal 7682)
   defining Unicode char U+01E03 (decimal 7683)
   defining Unicode char U+200C (decimal 8204)
   defining Unicode char U+2013 (decimal 8211)
   defining Unicode char U+2014 (decimal 8212)
   defining Unicode char U+2018 (decimal 8216)
   defining Unicode char U+2019 (decimal 8217)
   defining Unicode char U+201A (decimal 8218)
   defining Unicode char U+201C (decimal 8220)
   defining Unicode char U+201D (decimal 8221)
   defining Unicode char U+201E (decimal 8222)
   defining Unicode char U+2030 (decimal 8240)
   defining Unicode char U+2031 (decimal 8241)
   defining Unicode char U+2039 (decimal 8249)
   defining Unicode char U+203A (decimal 8250)
   defining Unicode char U+2423 (decimal 9251)
)
Now handling font encoding OT1 ...
... processing UTF-8 mapping file for font encoding OT1

(/usr/share/texlive/texmf-dist/tex/latex/base/ot1enc.dfu
File: ot1enc.dfu 2015/12/03 v1.1r UTF-8 support for inputenc
   defining Unicode char U+00A0 (decimal 160)
   defining Unicode char U+00A1 (decimal 161)
   defining Unicode char U+00A3 (decimal 163)
   defining Unicode char U+00AD (decimal 173)
   defining Unicode char U+00B8 (decimal 184)
   defining Unicode char U+00BF (decimal 191)
   defining Unicode char U+00C5 (decimal 197)
   defining Unicode char U+00C6 (decimal 198)
   defining Unicode char U+00D8 (decimal 216)
   defining Unicode char U+00DF (decimal 223)
   defining Unicode char U+00E6 (decimal 230)
   defining Unicode char U+00EC (decimal 236)
   defining Unicode char U+00ED (decimal 237)
   defining Unicode char U+00EE (decimal 238)
   defining Unicode char U+00EF (decimal 239)
   defining Unicode char U+00F8 (decimal 248)
   defining Unicode char U+0131 (decimal 305)
   defining Unicode char U+0141 (decimal 321)
   defining Unicode char U+0142 (decimal 322)
   defining Unicode char U+0152 (decimal 338)
   defining Unicode char U+0153 (decimal 339)
   defining Unicode char U+0174 (decimal 372)
   defining Unicode char U+0175 (decimal 373)
   defining Unicode char U+0176 (decimal 374)
   defining Unicode char U+0177 (decimal 375)
   defining Unicode char U+0218 (decimal 536)
   defining Unicode char U+0219 (decimal 537)
   defining Unicode char U+021A (decimal 538)
   defining Unicode char U+021B (decimal 539)
   defining Unicode char U+2013 (decimal 8211)
   defining Unicode char U+2014 (decimal 8212)
   defining Unicode char U+2018 (decimal 8216)
   defining Unicode char U+2019 (decimal 8217)
   defining Unicode char U+201C (decimal 8220)
   defining Unicode char U+201D (decimal 8221)
)
Now handling font encoding OMS ...
... processing UTF-8 mapping file for font encoding OMS

(/usr/share/texlive/texmf-dist/tex/latex/base/omsenc.dfu
File: omsenc.dfu 2015/12/03 v1.1r UTF-8 support for inputenc
   defining Unicode char U+00A7 (decimal 167)
   defining Unicode char U+00B6 (decimal 182)
   defining Unicode char U+00B7 (decimal 183)
   defining Unicode char U+2020 (decimal 8224)
   defining Unicode char U+2021 (decimal 8225)
   defining Unicode char U+2022 (decimal 8226)
)
Now handling font encoding OMX ...
... no UTF-8 mapping file for font encoding OMX
Now handling font encoding U ...
... no UTF-8 mapping file for font encoding U
   defining Unicode char U+00A9 (decimal 169)
   defining Unicode char U+00AA (decimal 170)
   defining Unicode char U+00AE (decimal 174)
   defining Unicode char U+00BA (decimal 186)
   defining Unicode char U+02C6 (decimal 710)
   defining Unicode char U+02DC (decimal 732)
   defining Unicode char U+200C (decimal 8204)
   defining Unicode char U+2026 (decimal 8230)
   defining Unicode char U+2122 (decimal 8482)
   defining Unicode char U+2423 (decimal 9251)
))
(/usr/share/texlive/texmf-dist/tex/latex/graphics/graphicx.sty
Package: graphicx 2014/10/28 v1.0g Enhanced LaTeX Graphics (DPC,SPQR)

(/usr/share/texlive/texmf-dist/tex/latex/graphics/keyval.sty
Package: keyval 2014/10/28 v1.15 key=value parser (DPC)
\KV@toks@=\toks16
)
(/usr/share/texlive/texmf-dist/tex/latex/graphics/graphics.sty
Package: graphics 2016/01/03 v1.0q Standard LaTeX Graphics (DPC,SPQR)

(/usr/share/texlive/texmf-dist/tex/latex/graphics/trig.sty
Package: trig 2016/01/03 v1.10 sin cos tan (DPC)
)
(/usr/share/texlive/texmf-dist/tex/latex/latexconfig/graphics.cfg
File: graphics.cfg 2010/04/23 v1.9 graphics configuration of TeX Live
)
Package graphics Info: Driver file: pdftex.def on input line 95.

(/usr/share/texlive/texmf-dist/tex/latex/pdftex-def/pdftex.def
File: pdftex.def 2011/05/27 v0.06d Graphics/color for pdfTeX

(/usr/share/texlive/texmf-dist/tex/generic/oberdiek/infwarerr.sty
Package: infwarerr 2010/04/08 v1.3 Providing info/warning/error messages (HO)
)
(/usr/share/texlive/texmf-dist/tex/generic/oberdiek/ltxcmds.sty
Package: ltxcmds 2011/11/09 v1.22 LaTeX kernel commands for general use (HO)
)
\Gread@gobject=\count88
))
\Gin@req@height=\dimen103
\Gin@req@width=\dimen104
)
(/usr/share/texlive/texmf-dist/tex/latex/acronym/acronym.sty
Package: acronym 2015/03/21 v1.41 Support for acronyms (Tobias Oetiker)

(/usr/share/texlive/texmf-dist/tex/latex/bigfoot/suffix.sty
Package: suffix 2006/07/15 1.5a Variant command support
)
(/usr/share/texlive/texmf-dist/tex/generic/xstring/xstring.sty
(/usr/share/texlive/texmf-dist/tex/generic/xstring/xstring.tex
\@xs@message=\write3
\integerpart=\count89
\decimalpart=\count90
)
Package: xstring 2013/10/13  v1.7c  String manipulations (C Tellechea)
)
\AC@clearlist=\toks17
)
(/usr/share/texlive/texmf-dist/tex/latex/hyperref/hyperref.sty
Package: hyperref 2012/11/06 v6.83m Hypertext links for LaTeX

(/usr/share/texlive/texmf-dist/tex/generic/oberdiek/hobsub-hyperref.sty
Package: hobsub-hyperref 2012/05/28 v1.13 Bundle oberdiek, subset hyperref (HO)


(/usr/share/texlive/texmf-dist/tex/generic/oberdiek/hobsub-generic.sty
Package: hobsub-generic 2012/05/28 v1.13 Bundle oberdiek, subset generic (HO)
Package: hobsub 2012/05/28 v1.13 Construct package bundles (HO)
Package hobsub Info: Skipping package `infwarerr' (already loaded).
Package hobsub Info: Skipping package `ltxcmds' (already loaded).
Package: ifluatex 2010/03/01 v1.3 Provides the ifluatex switch (HO)
Package ifluatex Info: LuaTeX not detected.
Package: ifvtex 2010/03/01 v1.5 Detect VTeX and its facilities (HO)
Package ifvtex Info: VTeX not detected.
Package: intcalc 2007/09/27 v1.1 Expandable calculations with integers (HO)
Package: ifpdf 2011/01/30 v2.3 Provides the ifpdf switch (HO)
Package ifpdf Info: pdfTeX in PDF mode is detected.
Package: etexcmds 2011/02/16 v1.5 Avoid name clashes with e-TeX commands (HO)
Package etexcmds Info: Could not find \expanded.
(etexcmds)             That can mean that you are not using pdfTeX 1.50 or
(etexcmds)             that some package has redefined \expanded.
(etexcmds)             In the latter case, load this package earlier.
Package: kvsetkeys 2012/04/25 v1.16 Key value parser (HO)
Package: kvdefinekeys 2011/04/07 v1.3 Define keys (HO)
Package: pdftexcmds 2011/11/29 v0.20 Utility functions of pdfTeX for LuaTeX (HO
)
Package pdftexcmds Info: LuaTeX not detected.
Package pdftexcmds Info: \pdf@primitive is available.
Package pdftexcmds Info: \pdf@ifprimitive is available.
Package pdftexcmds Info: \pdfdraftmode found.
Package: pdfescape 2011/11/25 v1.13 Implements pdfTeX's escape features (HO)
Package: bigintcalc 2012/04/08 v1.3 Expandable calculations on big integers (HO
)
Package: bitset 2011/01/30 v1.1 Handle bit-vector datatype (HO)
Package: uniquecounter 2011/01/30 v1.2 Provide unlimited unique counter (HO)
)
Package hobsub Info: Skipping package `hobsub' (already loaded).
Package: letltxmacro 2010/09/02 v1.4 Let assignment for LaTeX macros (HO)
Package: hopatch 2012/05/28 v1.2 Wrapper for package hooks (HO)
Package: xcolor-patch 2011/01/30 xcolor patch
Package: atveryend 2011/06/30 v1.8 Hooks at the very end of document (HO)
Package atveryend Info: \enddocument detected (standard20110627).
Package: atbegshi 2011/10/05 v1.16 At begin shipout hook (HO)
Package: refcount 2011/10/16 v3.4 Data extraction from label references (HO)
Package: hycolor 2011/01/30 v1.7 Color options for hyperref/bookmark (HO)
)
(/usr/share/texlive/texmf-dist/tex/generic/ifxetex/ifxetex.sty
Package: ifxetex 2010/09/12 v0.6 Provides ifxetex conditional
)
(/usr/share/texlive/texmf-dist/tex/latex/oberdiek/auxhook.sty
Package: auxhook 2011/03/04 v1.3 Hooks for auxiliary files (HO)
)
(/usr/share/texlive/texmf-dist/tex/latex/oberdiek/kvoptions.sty
Package: kvoptions 2011/06/30 v3.11 Key value format for package options (HO)
)
\@linkdim=\dimen105
\Hy@linkcounter=\count91
\Hy@pagecounter=\count92

(/usr/share/texlive/texmf-dist/tex/latex/hyperref/pd1enc.def
File: pd1enc.def 2012/11/06 v6.83m Hyperref: PDFDocEncoding definition (HO)
Now handling font encoding PD1 ...
... no UTF-8 mapping file for font encoding PD1
)
\Hy@SavedSpaceFactor=\count93

(/usr/share/texlive/texmf-dist/tex/latex/latexconfig/hyperref.cfg
File: hyperref.cfg 2002/06/06 v1.2 hyperref configuration of TeXLive
)
Package hyperref Info: Option `unicode' set `true' on input line 4319.

(/usr/share/texlive/texmf-dist/tex/latex/hyperref/puenc.def
File: puenc.def 2012/11/06 v6.83m Hyperref: PDF Unicode definition (HO)
Now handling font encoding PU ...
... no UTF-8 mapping file for font encoding PU
)
Package hyperref Info: Option `breaklinks' set `true' on input line 4319.
Package hyperref Info: Option `hypertexnames' set `false' on input line 4319.
Package hyperref Info: Hyper figures OFF on input line 4443.
Package hyperref Info: Link nesting OFF on input line 4448.
Package hyperref Info: Hyper index ON on input line 4451.
Package hyperref Info: Plain pages OFF on input line 4458.
Package hyperref Info: Backreferencing OFF on input line 4463.
Package hyperref Info: Implicit mode ON; LaTeX internals redefined.
Package hyperref Info: Bookmarks ON on input line 4688.
\c@Hy@tempcnt=\count94

(/usr/share/texlive/texmf-dist/tex/latex/url/url.sty
\Urlmuskip=\muskip10
Package: url 2013/09/16  ver 3.4  Verb mode for urls, etc.
)
LaTeX Info: Redefining \url on input line 5041.
\XeTeXLinkMargin=\dimen106
\Fld@menulength=\count95
\Field@Width=\dimen107
\Fld@charsize=\dimen108
Package hyperref Info: Hyper figures OFF on input line 6295.
Package hyperref Info: Link nesting OFF on input line 6300.
Package hyperref Info: Hyper index ON on input line 6303.
Package hyperref Info: backreferencing OFF on input line 6310.
Package hyperref Info: Link coloring OFF on input line 6315.
Package hyperref Info: Link coloring with OCG OFF on input line 6320.
Package hyperref Info: PDF/A mode OFF on input line 6325.
LaTeX Info: Redefining \ref on input line 6365.
LaTeX Info: Redefining \pageref on input line 6369.
\Hy@abspage=\count96
\c@Item=\count97
\c@Hfootnote=\count98
)

Package hyperref Message: Driver (autodetected): hpdftex.

(/usr/share/texlive/texmf-dist/tex/latex/hyperref/hpdftex.def
File: hpdftex.def 2012/11/06 v6.83m Hyperref driver for pdfTeX
\Fld@listcount=\count99
\c@bookmark@seq@number=\count100

(/usr/share/texlive/texmf-dist/tex/latex/oberdiek/rerunfilecheck.sty
Package: rerunfilecheck 2011/04/15 v1.7 Rerun checks for auxiliary files (HO)
Package uniquecounter Info: New unique counter `rerunfilecheck' on input line 2
82.
)
\Hy@SectionHShift=\skip43
)
(/usr/share/texlive/texmf-dist/tex/latex/pdfpages/pdfpages.sty
Package: pdfpages 2015/09/18 v0.5d Insert pages of external PDF documents (AM)

(/usr/share/texlive/texmf-dist/tex/latex/base/ifthen.sty
Package: ifthen 2014/09/29 v1.1c Standard LaTeX ifthen package (DPC)
)
(/usr/share/texlive/texmf-dist/tex/latex/tools/calc.sty
Package: calc 2014/10/28 v4.3 Infix arithmetic (KKT,FJ)
\calc@Acount=\count101
\calc@Bcount=\count102
\calc@Adimen=\dimen109
\calc@Bdimen=\dimen110
\calc@Askip=\skip44
\calc@Bskip=\skip45
LaTeX Info: Redefining \setlength on input line 80.
LaTeX Info: Redefining \addtolength on input line 81.
\calc@Ccount=\count103
\calc@Cskip=\skip46
)
(/usr/share/texlive/texmf-dist/tex/latex/eso-pic/eso-pic.sty
Package: eso-pic 2015/07/21 v2.0g eso-pic (RN)

(/usr/share/texlive/texmf-dist/tex/latex/xcolor/xcolor.sty
Package: xcolor 2007/01/21 v2.11 LaTeX color extensions (UK)

(/usr/share/texlive/texmf-dist/tex/latex/latexconfig/color.cfg
File: color.cfg 2007/01/18 v1.5 color configuration of teTeX/TeXLive
)
Package xcolor Info: Driver file: pdftex.def on input line 225.
Package xcolor Info: Model `cmy' substituted by `cmy0' on input line 1337.
Package xcolor Info: Model `hsb' substituted by `rgb' on input line 1341.
Package xcolor Info: Model `RGB' extended on input line 1353.
Package xcolor Info: Model `HTML' substituted by `rgb' on input line 1355.
Package xcolor Info: Model `Hsb' substituted by `hsb' on input line 1356.
Package xcolor Info: Model `tHsb' substituted by `hsb' on input line 1357.
Package xcolor Info: Model `HSB' substituted by `hsb' on input line 1358.
Package xcolor Info: Model `Gray' substituted by `gray' on input line 1359.
Package xcolor Info: Model `wave' substituted by `hsb' on input line 1360.
))
\AM@pagewidth=\dimen111
\AM@pageheight=\dimen112

(/usr/share/texlive/texmf-dist/tex/latex/pdfpages/pppdftex.def
File: pppdftex.def 2015/09/18 v0.5d Pdfpages driver for pdfTeX (AM)
)
\AM@pagebox=\box26
\AM@toc@title=\toks18
\c@AM@survey=\count104
\AM@templatesizebox=\box27
)
(/usr/share/texlive/texmf-dist/tex/latex/enumitem/enumitem.sty
Package: enumitem 2011/09/28 v3.5.2 Customized lists
\labelindent=\skip47
\enit@outerparindent=\dimen113
\enit@toks=\toks19
\enit@inbox=\box28
\enitdp@description=\count105
)
(/usr/share/texlive/texmf-dist/tex/latex/cmap/cmap.sty
Package: cmap 2008/03/06 v1.0h CMap support: searchable PDF
)
(/usr/share/texlive/texmf-dist/tex/latex/was/upgreek.sty
Package: upgreek 2003/02/12 v2.0 (WaS)
Package upgreek Info: Using Euler Roman for upright Greek on input line 31.
\symugrf@m=\mathgroup4
LaTeX Font Info:    Overwriting symbol font `ugrf@m' in version `bold'
(Font)                  U/eur/m/n --> U/eur/b/n on input line 38.
)
(/usr/share/texlive/texmf-dist/tex/generic/babel/babel.sty
Package: babel 2016/02/24 3.9q The Babel package

(/usr/share/texlive/texmf-dist/tex/generic/babel-slovak/slovak.ldf
Language: slovak 2008/07/06 v3.1a Slovak support from the babel system

(/usr/share/texlive/texmf-dist/tex/generic/babel/babel.def
File: babel.def 2016/02/24 3.9q Babel common definitions
\babel@savecnt=\count106
\U@D=\dimen114
)
Package babel Info: Making ^ an active character on input line 123.
Package babel Info: Making " an active character on input line 126.
Package babel Info: Making ' an active character on input line 129.
\cs@wordlen=\count107
Package babel Info: Making - an active character on input line 294.
))
(/usr/share/texmf/tex/latex/lm/lmodern.sty
Package: lmodern 2009/10/30 v1.6 Latin Modern Fonts
LaTeX Font Info:    Overwriting symbol font `operators' in version `normal'
(Font)                  OT1/cmr/m/n --> OT1/lmr/m/n on input line 22.
LaTeX Font Info:    Overwriting symbol font `letters' in version `normal'
(Font)                  OML/cmm/m/it --> OML/lmm/m/it on input line 23.
LaTeX Font Info:    Overwriting symbol font `symbols' in version `normal'
(Font)                  OMS/cmsy/m/n --> OMS/lmsy/m/n on input line 24.
LaTeX Font Info:    Overwriting symbol font `largesymbols' in version `normal'
(Font)                  OMX/cmex/m/n --> OMX/lmex/m/n on input line 25.
LaTeX Font Info:    Overwriting symbol font `operators' in version `bold'
(Font)                  OT1/cmr/bx/n --> OT1/lmr/bx/n on input line 26.
LaTeX Font Info:    Overwriting symbol font `letters' in version `bold'
(Font)                  OML/cmm/b/it --> OML/lmm/b/it on input line 27.
LaTeX Font Info:    Overwriting symbol font `symbols' in version `bold'
(Font)                  OMS/cmsy/b/n --> OMS/lmsy/b/n on input line 28.
LaTeX Font Info:    Overwriting symbol font `largesymbols' in version `bold'
(Font)                  OMX/cmex/m/n --> OMX/lmex/m/n on input line 29.
LaTeX Font Info:    Overwriting math alphabet `\mathbf' in version `normal'
(Font)                  OT1/cmr/bx/n --> OT1/lmr/bx/n on input line 31.
LaTeX Font Info:    Overwriting math alphabet `\mathsf' in version `normal'
(Font)                  OT1/cmss/m/n --> OT1/lmss/m/n on input line 32.
LaTeX Font Info:    Overwriting math alphabet `\mathit' in version `normal'
(Font)                  OT1/cmr/m/it --> OT1/lmr/m/it on input line 33.
LaTeX Font Info:    Overwriting math alphabet `\mathtt' in version `normal'
(Font)                  OT1/cmtt/m/n --> OT1/lmtt/m/n on input line 34.
LaTeX Font Info:    Overwriting math alphabet `\mathbf' in version `bold'
(Font)                  OT1/cmr/bx/n --> OT1/lmr/bx/n on input line 35.
LaTeX Font Info:    Overwriting math alphabet `\mathsf' in version `bold'
(Font)                  OT1/cmss/bx/n --> OT1/lmss/bx/n on input line 36.
LaTeX Font Info:    Overwriting math alphabet `\mathit' in version `bold'
(Font)                  OT1/cmr/bx/it --> OT1/lmr/bx/it on input line 37.
LaTeX Font Info:    Overwriting math alphabet `\mathtt' in version `bold'
(Font)                  OT1/cmtt/m/n --> OT1/lmtt/m/n on input line 38.
)
(/usr/share/texlive/texmf-dist/tex/latex/float/float.sty
Package: float 2001/11/08 v1.3d Float enhancements (AL)
\c@float@type=\count108
\float@exts=\toks20
\float@box=\box29
\@float@everytoks=\toks21
\@floatcapt=\box30
)
(/usr/share/texlive/texmf-dist/tex/latex/base/textcomp.sty
Package: textcomp 2005/09/27 v1.99g Standard LaTeX package
Package textcomp Info: Sub-encoding information:
(textcomp)               5 = only ISO-Adobe without \textcurrency
(textcomp)               4 = 5 + \texteuro
(textcomp)               3 = 4 + \textohm
(textcomp)               2 = 3 + \textestimated + \textcurrency
(textcomp)               1 = TS1 - \textcircled - \t
(textcomp)               0 = TS1 (full)
(textcomp)             Font families with sub-encoding setting implement
(textcomp)             only a restricted character set as indicated.
(textcomp)             Family '?' is the default used for unknown fonts.
(textcomp)             See the documentation for details.
Package textcomp Info: Setting ? sub-encoding to TS1/1 on input line 79.

(/usr/share/texlive/texmf-dist/tex/latex/base/ts1enc.def
File: ts1enc.def 2001/06/05 v3.0e (jk/car/fm) Standard LaTeX file
Now handling font encoding TS1 ...
... processing UTF-8 mapping file for font encoding TS1

(/usr/share/texlive/texmf-dist/tex/latex/base/ts1enc.dfu
File: ts1enc.dfu 2015/12/03 v1.1r UTF-8 support for inputenc
   defining Unicode char U+00A2 (decimal 162)
   defining Unicode char U+00A3 (decimal 163)
   defining Unicode char U+00A4 (decimal 164)
   defining Unicode char U+00A5 (decimal 165)
   defining Unicode char U+00A6 (decimal 166)
   defining Unicode char U+00A7 (decimal 167)
   defining Unicode char U+00A8 (decimal 168)
   defining Unicode char U+00A9 (decimal 169)
   defining Unicode char U+00AA (decimal 170)
   defining Unicode char U+00AC (decimal 172)
   defining Unicode char U+00AE (decimal 174)
   defining Unicode char U+00AF (decimal 175)
   defining Unicode char U+00B0 (decimal 176)
   defining Unicode char U+00B1 (decimal 177)
   defining Unicode char U+00B2 (decimal 178)
   defining Unicode char U+00B3 (decimal 179)
   defining Unicode char U+00B4 (decimal 180)
   defining Unicode char U+00B5 (decimal 181)
   defining Unicode char U+00B6 (decimal 182)
   defining Unicode char U+00B7 (decimal 183)
   defining Unicode char U+00B9 (decimal 185)
   defining Unicode char U+00BA (decimal 186)
   defining Unicode char U+00BC (decimal 188)
   defining Unicode char U+00BD (decimal 189)
   defining Unicode char U+00BE (decimal 190)
   defining Unicode char U+00D7 (decimal 215)
   defining Unicode char U+00F7 (decimal 247)
   defining Unicode char U+0192 (decimal 402)
   defining Unicode char U+02C7 (decimal 711)
   defining Unicode char U+02D8 (decimal 728)
   defining Unicode char U+02DD (decimal 733)
   defining Unicode char U+0E3F (decimal 3647)
   defining Unicode char U+2016 (decimal 8214)
   defining Unicode char U+2020 (decimal 8224)
   defining Unicode char U+2021 (decimal 8225)
   defining Unicode char U+2022 (decimal 8226)
   defining Unicode char U+2030 (decimal 8240)
   defining Unicode char U+2031 (decimal 8241)
   defining Unicode char U+203B (decimal 8251)
   defining Unicode char U+203D (decimal 8253)
   defining Unicode char U+2044 (decimal 8260)
   defining Unicode char U+204E (decimal 8270)
   defining Unicode char U+2052 (decimal 8274)
   defining Unicode char U+20A1 (decimal 8353)
   defining Unicode char U+20A4 (decimal 8356)
   defining Unicode char U+20A6 (decimal 8358)
   defining Unicode char U+20A9 (decimal 8361)
   defining Unicode char U+20AB (decimal 8363)
   defining Unicode char U+20AC (decimal 8364)
   defining Unicode char U+20B1 (decimal 8369)
   defining Unicode char U+2103 (decimal 8451)
   defining Unicode char U+2116 (decimal 8470)
   defining Unicode char U+2117 (decimal 8471)
   defining Unicode char U+211E (decimal 8478)
   defining Unicode char U+2120 (decimal 8480)
   defining Unicode char U+2122 (decimal 8482)
   defining Unicode char U+2126 (decimal 8486)
   defining Unicode char U+2127 (decimal 8487)
   defining Unicode char U+212E (decimal 8494)
   defining Unicode char U+2190 (decimal 8592)
   defining Unicode char U+2191 (decimal 8593)
   defining Unicode char U+2192 (decimal 8594)
   defining Unicode char U+2193 (decimal 8595)
   defining Unicode char U+2329 (decimal 9001)
   defining Unicode char U+232A (decimal 9002)
   defining Unicode char U+2422 (decimal 9250)
   defining Unicode char U+25E6 (decimal 9702)
   defining Unicode char U+25EF (decimal 9711)
   defining Unicode char U+266A (decimal 9834)
))
LaTeX Info: Redefining \oldstylenums on input line 334.
Package textcomp Info: Setting cmr sub-encoding to TS1/0 on input line 349.
Package textcomp Info: Setting cmss sub-encoding to TS1/0 on input line 350.
Package textcomp Info: Setting cmtt sub-encoding to TS1/0 on input line 351.
Package textcomp Info: Setting cmvtt sub-encoding to TS1/0 on input line 352.
Package textcomp Info: Setting cmbr sub-encoding to TS1/0 on input line 353.
Package textcomp Info: Setting cmtl sub-encoding to TS1/0 on input line 354.
Package textcomp Info: Setting ccr sub-encoding to TS1/0 on input line 355.
Package textcomp Info: Setting ptm sub-encoding to TS1/4 on input line 356.
Package textcomp Info: Setting pcr sub-encoding to TS1/4 on input line 357.
Package textcomp Info: Setting phv sub-encoding to TS1/4 on input line 358.
Package textcomp Info: Setting ppl sub-encoding to TS1/3 on input line 359.
Package textcomp Info: Setting pag sub-encoding to TS1/4 on input line 360.
Package textcomp Info: Setting pbk sub-encoding to TS1/4 on input line 361.
Package textcomp Info: Setting pnc sub-encoding to TS1/4 on input line 362.
Package textcomp Info: Setting pzc sub-encoding to TS1/4 on input line 363.
Package textcomp Info: Setting bch sub-encoding to TS1/4 on input line 364.
Package textcomp Info: Setting put sub-encoding to TS1/5 on input line 365.
Package textcomp Info: Setting uag sub-encoding to TS1/5 on input line 366.
Package textcomp Info: Setting ugq sub-encoding to TS1/5 on input line 367.
Package textcomp Info: Setting ul8 sub-encoding to TS1/4 on input line 368.
Package textcomp Info: Setting ul9 sub-encoding to TS1/4 on input line 369.
Package textcomp Info: Setting augie sub-encoding to TS1/5 on input line 370.
Package textcomp Info: Setting dayrom sub-encoding to TS1/3 on input line 371.
Package textcomp Info: Setting dayroms sub-encoding to TS1/3 on input line 372.

Package textcomp Info: Setting pxr sub-encoding to TS1/0 on input line 373.
Package textcomp Info: Setting pxss sub-encoding to TS1/0 on input line 374.
Package textcomp Info: Setting pxtt sub-encoding to TS1/0 on input line 375.
Package textcomp Info: Setting txr sub-encoding to TS1/0 on input line 376.
Package textcomp Info: Setting txss sub-encoding to TS1/0 on input line 377.
Package textcomp Info: Setting txtt sub-encoding to TS1/0 on input line 378.
Package textcomp Info: Setting lmr sub-encoding to TS1/0 on input line 379.
Package textcomp Info: Setting lmdh sub-encoding to TS1/0 on input line 380.
Package textcomp Info: Setting lmss sub-encoding to TS1/0 on input line 381.
Package textcomp Info: Setting lmssq sub-encoding to TS1/0 on input line 382.
Package textcomp Info: Setting lmvtt sub-encoding to TS1/0 on input line 383.
Package textcomp Info: Setting lmtt sub-encoding to TS1/0 on input line 384.
Package textcomp Info: Setting qhv sub-encoding to TS1/0 on input line 385.
Package textcomp Info: Setting qag sub-encoding to TS1/0 on input line 386.
Package textcomp Info: Setting qbk sub-encoding to TS1/0 on input line 387.
Package textcomp Info: Setting qcr sub-encoding to TS1/0 on input line 388.
Package textcomp Info: Setting qcs sub-encoding to TS1/0 on input line 389.
Package textcomp Info: Setting qpl sub-encoding to TS1/0 on input line 390.
Package textcomp Info: Setting qtm sub-encoding to TS1/0 on input line 391.
Package textcomp Info: Setting qzc sub-encoding to TS1/0 on input line 392.
Package textcomp Info: Setting qhvc sub-encoding to TS1/0 on input line 393.
Package textcomp Info: Setting futs sub-encoding to TS1/4 on input line 394.
Package textcomp Info: Setting futx sub-encoding to TS1/4 on input line 395.
Package textcomp Info: Setting futj sub-encoding to TS1/4 on input line 396.
Package textcomp Info: Setting hlh sub-encoding to TS1/3 on input line 397.
Package textcomp Info: Setting hls sub-encoding to TS1/3 on input line 398.
Package textcomp Info: Setting hlst sub-encoding to TS1/3 on input line 399.
Package textcomp Info: Setting hlct sub-encoding to TS1/5 on input line 400.
Package textcomp Info: Setting hlx sub-encoding to TS1/5 on input line 401.
Package textcomp Info: Setting hlce sub-encoding to TS1/5 on input line 402.
Package textcomp Info: Setting hlcn sub-encoding to TS1/5 on input line 403.
Package textcomp Info: Setting hlcw sub-encoding to TS1/5 on input line 404.
Package textcomp Info: Setting hlcf sub-encoding to TS1/5 on input line 405.
Package textcomp Info: Setting pplx sub-encoding to TS1/3 on input line 406.
Package textcomp Info: Setting pplj sub-encoding to TS1/3 on input line 407.
Package textcomp Info: Setting ptmx sub-encoding to TS1/4 on input line 408.
Package textcomp Info: Setting ptmj sub-encoding to TS1/4 on input line 409.
)
(/usr/share/texlive/texmf-dist/tex/latex/base/fontenc.sty
Package: fontenc 2005/09/27 v1.99g Standard LaTeX package

(/usr/share/texlive/texmf-dist/tex/latex/base/t1enc.def
File: t1enc.def 2005/09/27 v1.99g Standard LaTeX file
LaTeX Font Info:    Redeclaring font encoding T1 on input line 48.
)<<t1.cmap>>)
(/usr/share/texlive/texmf-dist/tex/latex/base/alltt.sty
Package: alltt 1997/06/16 v2.0g defines alltt environment
)
(/usr/share/texlive/texmf-dist/tex/latex/amsmath/amsmath.sty
Package: amsmath 2016/03/03 v2.15a AMS math features
\@mathmargin=\skip48

For additional information on amsmath, use the `?' option.
(/usr/share/texlive/texmf-dist/tex/latex/amsmath/amstext.sty
Package: amstext 2000/06/29 v2.01 AMS text

(/usr/share/texlive/texmf-dist/tex/latex/amsmath/amsgen.sty
File: amsgen.sty 1999/11/30 v2.0 generic functions
\@emptytoks=\toks22
\ex@=\dimen115
))
(/usr/share/texlive/texmf-dist/tex/latex/amsmath/amsbsy.sty
Package: amsbsy 1999/11/29 v1.2d Bold Symbols
\pmbraise@=\dimen116
)
(/usr/share/texlive/texmf-dist/tex/latex/amsmath/amsopn.sty
Package: amsopn 1999/12/14 v2.01 operator names
)
\inf@bad=\count109
LaTeX Info: Redefining \frac on input line 199.
\uproot@=\count110
\leftroot@=\count111
LaTeX Info: Redefining \overline on input line 297.
\classnum@=\count112
\DOTSCASE@=\count113
LaTeX Info: Redefining \ldots on input line 394.
LaTeX Info: Redefining \dots on input line 397.
LaTeX Info: Redefining \cdots on input line 518.
\Mathstrutbox@=\box31
\strutbox@=\box32
\big@size=\dimen117
LaTeX Font Info:    Redeclaring font encoding OML on input line 630.
LaTeX Font Info:    Redeclaring font encoding OMS on input line 631.
\macc@depth=\count114
\c@MaxMatrixCols=\count115
\dotsspace@=\muskip11
\c@parentequation=\count116
\dspbrk@lvl=\count117
\tag@help=\toks23
\row@=\count118
\column@=\count119
\maxfields@=\count120
\andhelp@=\toks24
\eqnshift@=\dimen118
\alignsep@=\dimen119
\tagshift@=\dimen120
\tagwidth@=\dimen121
\totwidth@=\dimen122
\lineht@=\dimen123
\@envbody=\toks25
\multlinegap=\skip49
\multlinetaggap=\skip50
\mathdisplay@stack=\toks26
LaTeX Info: Redefining \[ on input line 2735.
LaTeX Info: Redefining \] on input line 2736.
)
(/usr/share/texlive/texmf-dist/tex/latex/listings/listings.sty
\lst@mode=\count121
\lst@gtempboxa=\box33
\lst@token=\toks27
\lst@length=\count122
\lst@currlwidth=\dimen124
\lst@column=\count123
\lst@pos=\count124
\lst@lostspace=\dimen125
\lst@width=\dimen126
\lst@newlines=\count125
\lst@lineno=\count126
\lst@maxwidth=\dimen127

(/usr/share/texlive/texmf-dist/tex/latex/listings/lstmisc.sty
File: lstmisc.sty 2015/06/04 1.6 (Carsten Heinz)
\c@lstnumber=\count127
\lst@skipnumbers=\count128
\lst@framebox=\box34
)
(/usr/share/texlive/texmf-dist/tex/latex/listings/listings.cfg
File: listings.cfg 2015/06/04 1.6 listings configuration
))
Package: listings 2015/06/04 1.6 (Carsten Heinz)

(/usr/share/texlive/texmf-dist/tex/latex/adjustbox/adjustbox.sty
Package: adjustbox 2012/05/21 v1.0 Adjusting TeX boxes (trim, clip, ...)

(/usr/share/texlive/texmf-dist/tex/latex/xkeyval/xkeyval.sty
Package: xkeyval 2014/12/03 v2.7a package option processing (HA)

(/usr/share/texlive/texmf-dist/tex/generic/xkeyval/xkeyval.tex
(/usr/share/texlive/texmf-dist/tex/generic/xkeyval/xkvutils.tex
\XKV@toks=\toks28
\XKV@tempa@toks=\toks29
)
\XKV@depth=\count129
File: xkeyval.tex 2014/12/03 v2.7a key=value parser (HA)
))
(/usr/share/texlive/texmf-dist/tex/latex/adjustbox/adjcalc.sty
Package: adjcalc 2012/05/16 v1.1 Provides advanced setlength with multiple back
-ends (calc, etex, pgfmath)
)
(/usr/share/texlive/texmf-dist/tex/latex/adjustbox/trimclip.sty
Package: trimclip 2012/05/16 v1.0 Trim and clip general TeX material

(/usr/share/texlive/texmf-dist/tex/latex/collectbox/collectbox.sty
Package: collectbox 2012/05/17 v0.4b Collect macro arguments as boxes
\collectedbox=\box35
)
\tc@llx=\dimen128
\tc@lly=\dimen129
\tc@urx=\dimen130
\tc@ury=\dimen131
Package trimclip Info: Using driver 'tc-pdftex.def'.

(/usr/share/texlive/texmf-dist/tex/latex/adjustbox/tc-pdftex.def
File: tc-pdftex.def 2012/05/13 v1.0 Clipping driver for pdftex
))
\adjbox@Width=\dimen132
\adjbox@Height=\dimen133
\adjbox@Depth=\dimen134
\adjbox@Totalheight=\dimen135

(/usr/share/texlive/texmf-dist/tex/latex/ifoddpage/ifoddpage.sty
Package: ifoddpage 2011/09/13 v1.0 Conditionals for odd/even page detection
\c@checkoddpage=\count130
)
(/usr/share/texlive/texmf-dist/tex/latex/varwidth/varwidth.sty
Package: varwidth 2009/03/30 ver 0.92;  Variable-width minipages
\@vwid@box=\box36
\sift@deathcycles=\count131
\@vwid@loff=\dimen136
\@vwid@roff=\dimen137
))
(/usr/share/texlive/texmf-dist/tex/latex/tcolorbox/tcolorbox.sty
Package: tcolorbox 2016/02/29 version 3.90 text color boxes

(/usr/share/texlive/texmf-dist/tex/latex/pgf/basiclayer/pgf.sty
(/usr/share/texlive/texmf-dist/tex/latex/pgf/utilities/pgfrcs.sty
(/usr/share/texlive/texmf-dist/tex/generic/pgf/utilities/pgfutil-common.tex
\pgfutil@everybye=\toks30
\pgfutil@tempdima=\dimen138
\pgfutil@tempdimb=\dimen139

(/usr/share/texlive/texmf-dist/tex/generic/pgf/utilities/pgfutil-common-lists.t
ex)) (/usr/share/texlive/texmf-dist/tex/generic/pgf/utilities/pgfutil-latex.def
\pgfutil@abb=\box37
(/usr/share/texlive/texmf-dist/tex/latex/ms/everyshi.sty
Package: everyshi 2001/05/15 v3.00 EveryShipout Package (MS)
))
(/usr/share/texlive/texmf-dist/tex/generic/pgf/utilities/pgfrcs.code.tex
Package: pgfrcs 2015/08/07 v3.0.1a (rcs-revision 1.31)
))
Package: pgf 2015/08/07 v3.0.1a (rcs-revision 1.15)

(/usr/share/texlive/texmf-dist/tex/latex/pgf/basiclayer/pgfcore.sty
(/usr/share/texlive/texmf-dist/tex/latex/pgf/systemlayer/pgfsys.sty
(/usr/share/texlive/texmf-dist/tex/generic/pgf/systemlayer/pgfsys.code.tex
Package: pgfsys 2014/07/09 v3.0.1a (rcs-revision 1.48)

(/usr/share/texlive/texmf-dist/tex/generic/pgf/utilities/pgfkeys.code.tex
\pgfkeys@pathtoks=\toks31
\pgfkeys@temptoks=\toks32

(/usr/share/texlive/texmf-dist/tex/generic/pgf/utilities/pgfkeysfiltered.code.t
ex
\pgfkeys@tmptoks=\toks33
))
\pgf@x=\dimen140
\pgf@y=\dimen141
\pgf@xa=\dimen142
\pgf@ya=\dimen143
\pgf@xb=\dimen144
\pgf@yb=\dimen145
\pgf@xc=\dimen146
\pgf@yc=\dimen147
\w@pgf@writea=\write4
\r@pgf@reada=\read1
\c@pgf@counta=\count132
\c@pgf@countb=\count133
\c@pgf@countc=\count134
\c@pgf@countd=\count135
\t@pgf@toka=\toks34
\t@pgf@tokb=\toks35
\t@pgf@tokc=\toks36
 (/usr/share/texlive/texmf-dist/tex/generic/pgf/systemlayer/pgf.cfg
File: pgf.cfg 2008/05/14  (rcs-revision 1.7)
)
Driver file for pgf: pgfsys-pdftex.def

(/usr/share/texlive/texmf-dist/tex/generic/pgf/systemlayer/pgfsys-pdftex.def
File: pgfsys-pdftex.def 2014/10/11  (rcs-revision 1.35)

(/usr/share/texlive/texmf-dist/tex/generic/pgf/systemlayer/pgfsys-common-pdf.de
f
File: pgfsys-common-pdf.def 2013/10/10  (rcs-revision 1.13)
)))
(/usr/share/texlive/texmf-dist/tex/generic/pgf/systemlayer/pgfsyssoftpath.code.
tex
File: pgfsyssoftpath.code.tex 2013/09/09  (rcs-revision 1.9)
\pgfsyssoftpath@smallbuffer@items=\count136
\pgfsyssoftpath@bigbuffer@items=\count137
)
(/usr/share/texlive/texmf-dist/tex/generic/pgf/systemlayer/pgfsysprotocol.code.
tex
File: pgfsysprotocol.code.tex 2006/10/16  (rcs-revision 1.4)
))
(/usr/share/texlive/texmf-dist/tex/generic/pgf/basiclayer/pgfcore.code.tex
Package: pgfcore 2010/04/11 v3.0.1a (rcs-revision 1.7)

(/usr/share/texlive/texmf-dist/tex/generic/pgf/math/pgfmath.code.tex
(/usr/share/texlive/texmf-dist/tex/generic/pgf/math/pgfmathcalc.code.tex
(/usr/share/texlive/texmf-dist/tex/generic/pgf/math/pgfmathutil.code.tex)
(/usr/share/texlive/texmf-dist/tex/generic/pgf/math/pgfmathparser.code.tex
\pgfmath@dimen=\dimen148
\pgfmath@count=\count138
\pgfmath@box=\box38
\pgfmath@toks=\toks37
\pgfmath@stack@operand=\toks38
\pgfmath@stack@operation=\toks39
)
(/usr/share/texlive/texmf-dist/tex/generic/pgf/math/pgfmathfunctions.code.tex
(/usr/share/texlive/texmf-dist/tex/generic/pgf/math/pgfmathfunctions.basic.code
.tex)
(/usr/share/texlive/texmf-dist/tex/generic/pgf/math/pgfmathfunctions.trigonomet
ric.code.tex)
(/usr/share/texlive/texmf-dist/tex/generic/pgf/math/pgfmathfunctions.random.cod
e.tex)
(/usr/share/texlive/texmf-dist/tex/generic/pgf/math/pgfmathfunctions.comparison
.code.tex)
(/usr/share/texlive/texmf-dist/tex/generic/pgf/math/pgfmathfunctions.base.code.
tex)
(/usr/share/texlive/texmf-dist/tex/generic/pgf/math/pgfmathfunctions.round.code
.tex)
(/usr/share/texlive/texmf-dist/tex/generic/pgf/math/pgfmathfunctions.misc.code.
tex)
(/usr/share/texlive/texmf-dist/tex/generic/pgf/math/pgfmathfunctions.integerari
thmetics.code.tex)))
(/usr/share/texlive/texmf-dist/tex/generic/pgf/math/pgfmathfloat.code.tex
\c@pgfmathroundto@lastzeros=\count139
))
(/usr/share/texlive/texmf-dist/tex/generic/pgf/basiclayer/pgfcorepoints.code.te
x
File: pgfcorepoints.code.tex 2013/10/07  (rcs-revision 1.27)
\pgf@picminx=\dimen149
\pgf@picmaxx=\dimen150
\pgf@picminy=\dimen151
\pgf@picmaxy=\dimen152
\pgf@pathminx=\dimen153
\pgf@pathmaxx=\dimen154
\pgf@pathminy=\dimen155
\pgf@pathmaxy=\dimen156
\pgf@xx=\dimen157
\pgf@xy=\dimen158
\pgf@yx=\dimen159
\pgf@yy=\dimen160
\pgf@zx=\dimen161
\pgf@zy=\dimen162
)
(/usr/share/texlive/texmf-dist/tex/generic/pgf/basiclayer/pgfcorepathconstruct.
code.tex
File: pgfcorepathconstruct.code.tex 2013/10/07  (rcs-revision 1.29)
\pgf@path@lastx=\dimen163
\pgf@path@lasty=\dimen164
)
(/usr/share/texlive/texmf-dist/tex/generic/pgf/basiclayer/pgfcorepathusage.code
.tex
File: pgfcorepathusage.code.tex 2014/11/02  (rcs-revision 1.24)
\pgf@shorten@end@additional=\dimen165
\pgf@shorten@start@additional=\dimen166
)
(/usr/share/texlive/texmf-dist/tex/generic/pgf/basiclayer/pgfcorescopes.code.te
x
File: pgfcorescopes.code.tex 2015/05/08  (rcs-revision 1.46)
\pgfpic=\box39
\pgf@hbox=\box40
\pgf@layerbox@main=\box41
\pgf@picture@serial@count=\count140
)
(/usr/share/texlive/texmf-dist/tex/generic/pgf/basiclayer/pgfcoregraphicstate.c
ode.tex
File: pgfcoregraphicstate.code.tex 2014/11/02  (rcs-revision 1.12)
\pgflinewidth=\dimen167
)
(/usr/share/texlive/texmf-dist/tex/generic/pgf/basiclayer/pgfcoretransformation
s.code.tex
File: pgfcoretransformations.code.tex 2015/08/07  (rcs-revision 1.20)
\pgf@pt@x=\dimen168
\pgf@pt@y=\dimen169
\pgf@pt@temp=\dimen170
)
(/usr/share/texlive/texmf-dist/tex/generic/pgf/basiclayer/pgfcorequick.code.tex
File: pgfcorequick.code.tex 2008/10/09  (rcs-revision 1.3)
)
(/usr/share/texlive/texmf-dist/tex/generic/pgf/basiclayer/pgfcoreobjects.code.t
ex
File: pgfcoreobjects.code.tex 2006/10/11  (rcs-revision 1.2)
)
(/usr/share/texlive/texmf-dist/tex/generic/pgf/basiclayer/pgfcorepathprocessing
.code.tex
File: pgfcorepathprocessing.code.tex 2013/09/09  (rcs-revision 1.9)
)
(/usr/share/texlive/texmf-dist/tex/generic/pgf/basiclayer/pgfcorearrows.code.te
x
File: pgfcorearrows.code.tex 2015/05/14  (rcs-revision 1.43)
\pgfarrowsep=\dimen171
)
(/usr/share/texlive/texmf-dist/tex/generic/pgf/basiclayer/pgfcoreshade.code.tex
File: pgfcoreshade.code.tex 2013/07/15  (rcs-revision 1.15)
\pgf@max=\dimen172
\pgf@sys@shading@range@num=\count141
)
(/usr/share/texlive/texmf-dist/tex/generic/pgf/basiclayer/pgfcoreimage.code.tex
File: pgfcoreimage.code.tex 2013/07/15  (rcs-revision 1.18)

(/usr/share/texlive/texmf-dist/tex/generic/pgf/basiclayer/pgfcoreexternal.code.
tex
File: pgfcoreexternal.code.tex 2014/07/09  (rcs-revision 1.21)
\pgfexternal@startupbox=\box42
))
(/usr/share/texlive/texmf-dist/tex/generic/pgf/basiclayer/pgfcorelayers.code.te
x
File: pgfcorelayers.code.tex 2013/07/18  (rcs-revision 1.7)
)
(/usr/share/texlive/texmf-dist/tex/generic/pgf/basiclayer/pgfcoretransparency.c
ode.tex
File: pgfcoretransparency.code.tex 2013/09/30  (rcs-revision 1.5)
)
(/usr/share/texlive/texmf-dist/tex/generic/pgf/basiclayer/pgfcorepatterns.code.
tex
File: pgfcorepatterns.code.tex 2013/11/07  (rcs-revision 1.5)
)))
(/usr/share/texlive/texmf-dist/tex/generic/pgf/modules/pgfmoduleshapes.code.tex
File: pgfmoduleshapes.code.tex 2014/03/21  (rcs-revision 1.35)
\pgfnodeparttextbox=\box43
) (/usr/share/texlive/texmf-dist/tex/generic/pgf/modules/pgfmoduleplot.code.tex
File: pgfmoduleplot.code.tex 2015/08/03  (rcs-revision 1.13)
)
(/usr/share/texlive/texmf-dist/tex/latex/pgf/compatibility/pgfcomp-version-0-65
.sty
Package: pgfcomp-version-0-65 2007/07/03 v3.0.1a (rcs-revision 1.7)
\pgf@nodesepstart=\dimen173
\pgf@nodesepend=\dimen174
)
(/usr/share/texlive/texmf-dist/tex/latex/pgf/compatibility/pgfcomp-version-1-18
.sty
Package: pgfcomp-version-1-18 2007/07/23 v3.0.1a (rcs-revision 1.1)
)) (/usr/share/texlive/texmf-dist/tex/latex/tools/verbatim.sty
Package: verbatim 2014/10/28 v1.5q LaTeX2e package for verbatim enhancements
\every@verbatim=\toks40
\verbatim@line=\toks41
\verbatim@in@stream=\read2
)
(/usr/share/texlive/texmf-dist/tex/latex/environ/environ.sty
Package: environ 2014/05/04 v0.3 A new way to define environments

(/usr/share/texlive/texmf-dist/tex/latex/trimspaces/trimspaces.sty
Package: trimspaces 2009/09/17 v1.1 Trim spaces around a token list
))
(/usr/share/texlive/texmf-dist/tex/latex/etoolbox/etoolbox.sty
Package: etoolbox 2015/08/02 v2.2a e-TeX tools for LaTeX (JAW)
\etb@tempcnta=\count142
)
\tcb@titlebox=\box44
\tcb@upperbox=\box45
\tcb@lowerbox=\box46
\tcb@phantombox=\box47
\c@tcbbreakpart=\count143
\c@tcblayer=\count144
\tcolorbox@number=\count145
\tcb@temp=\box48
\tcb@temp=\box49
\tcb@temp=\box50
\tcb@temp=\box51
\tcb@out=\write5
\tcb@record@out=\write6

(/usr/share/texlive/texmf-dist/tex/latex/tcolorbox/tcbraster.code.tex
Library (tcolorbox): 'tcbraster.code.tex' version '3.90'
\c@tcbrastercolumn=\count146
\c@tcbrasterrow=\count147
\c@tcbraster=\count148
) (/usr/share/texlive/texmf-dist/tex/latex/tcolorbox/tcbskins.code.tex
Library (tcolorbox): 'tcbskins.code.tex' version '3.90'
(/usr/share/texlive/texmf-dist/tex/latex/pgf/frontendlayer/tikz.sty
(/usr/share/texlive/texmf-dist/tex/latex/pgf/utilities/pgffor.sty
(/usr/share/texlive/texmf-dist/tex/latex/pgf/utilities/pgfkeys.sty
(/usr/share/texlive/texmf-dist/tex/generic/pgf/utilities/pgfkeys.code.tex))
(/usr/share/texlive/texmf-dist/tex/latex/pgf/math/pgfmath.sty
(/usr/share/texlive/texmf-dist/tex/generic/pgf/math/pgfmath.code.tex))
(/usr/share/texlive/texmf-dist/tex/generic/pgf/utilities/pgffor.code.tex
Package: pgffor 2013/12/13 v3.0.1a (rcs-revision 1.25)

(/usr/share/texlive/texmf-dist/tex/generic/pgf/math/pgfmath.code.tex)
\pgffor@iter=\dimen175
\pgffor@skip=\dimen176
\pgffor@stack=\toks42
\pgffor@toks=\toks43
))
(/usr/share/texlive/texmf-dist/tex/generic/pgf/frontendlayer/tikz/tikz.code.tex
Package: tikz 2015/08/07 v3.0.1a (rcs-revision 1.151)

(/usr/share/texlive/texmf-dist/tex/generic/pgf/libraries/pgflibraryplothandlers
.code.tex
File: pgflibraryplothandlers.code.tex 2013/08/31 v3.0.1a (rcs-revision 1.20)
\pgf@plot@mark@count=\count149
\pgfplotmarksize=\dimen177
)
\tikz@lastx=\dimen178
\tikz@lasty=\dimen179
\tikz@lastxsaved=\dimen180
\tikz@lastysaved=\dimen181
\tikzleveldistance=\dimen182
\tikzsiblingdistance=\dimen183
\tikz@figbox=\box52
\tikz@figbox@bg=\box53
\tikz@tempbox=\box54
\tikz@tempbox@bg=\box55
\tikztreelevel=\count150
\tikznumberofchildren=\count151
\tikznumberofcurrentchild=\count152
\tikz@fig@count=\count153

(/usr/share/texlive/texmf-dist/tex/generic/pgf/modules/pgfmodulematrix.code.tex
File: pgfmodulematrix.code.tex 2013/09/17  (rcs-revision 1.8)
\pgfmatrixcurrentrow=\count154
\pgfmatrixcurrentcolumn=\count155
\pgf@matrix@numberofcolumns=\count156
)
\tikz@expandcount=\count157

(/usr/share/texlive/texmf-dist/tex/generic/pgf/frontendlayer/tikz/libraries/tik
zlibrarytopaths.code.tex
File: tikzlibrarytopaths.code.tex 2008/06/17 v3.0.1a (rcs-revision 1.2)
)))
\tcb@waterbox=\box56

(/usr/share/texlive/texmf-dist/tex/latex/tcolorbox/tcbskinsjigsaw.code.tex
Library (tcolorbox): 'tcbskinsjigsaw.code.tex' version '3.90'
)) (/usr/share/texlive/texmf-dist/tex/latex/tcolorbox/tcbbreakable.code.tex
Library (tcolorbox): 'tcbbreakable.code.tex' version '3.90'
\tcb@testbox=\box57
\tcb@totalupperbox=\box58
\tcb@totallowerbox=\box59
) (/usr/share/texlive/texmf-dist/tex/latex/tcolorbox/tcbhooks.code.tex
Library (tcolorbox): 'tcbhooks.code.tex' version '3.90'
) (/usr/share/texlive/texmf-dist/tex/latex/tcolorbox/tcbtheorems.code.tex
Library (tcolorbox): 'tcbtheorems.code.tex' version '3.90'
) (/usr/share/texlive/texmf-dist/tex/latex/tcolorbox/tcbfitting.code.tex
Library (tcolorbox): 'tcbfitting.code.tex' version '3.90'
\tcbfitdim=\dimen184
\tcb@lowerfitdim=\dimen185
\tcb@upperfitdim=\dimen186
\tcb@cur@hbadness=\count158
) (/usr/share/texlive/texmf-dist/tex/latex/tcolorbox/tcbxparse.code.tex
Library (tcolorbox): 'tcbxparse.code.tex' version '3.90'
(/usr/share/texlive/texmf-dist/tex/latex/l3packages/xparse/xparse.sty
(/usr/share/texlive/texmf-dist/tex/latex/l3kernel/expl3.sty
Package: expl3 2016/01/19 v6377 L3 programming layer (loader) 

(/usr/share/texlive/texmf-dist/tex/latex/l3kernel/expl3-code.tex
Package: expl3 2016/01/19 v6377 L3 programming layer (code)
L3 Module: l3bootstrap 2016/01/01 v6339 L3 Bootstrap code
L3 Module: l3names 2015/12/21 v6328 L3 Namespace for primitives
L3 Module: l3basics 2015/11/22 v6315 L3 Basic definitions
L3 Module: l3expan 2015/09/10 v5983 L3 Argument expansion
L3 Module: l3tl 2015/09/29 v6121 L3 Token lists
L3 Module: l3str 2016/01/03 v6357 L3 Strings
L3 Module: l3seq 2015/08/05 v5777 L3 Sequences and stacks
L3 Module: l3int 2016/01/05 v6366 L3 Integers
\c_max_int=\count159
\l_tmpa_int=\count160
\l_tmpb_int=\count161
\g_tmpa_int=\count162
\g_tmpb_int=\count163
L3 Module: l3quark 2015/08/17 v5855 L3 Quarks
L3 Module: l3prg 2015/11/01 v6216 L3 Control structures
\g__prg_map_int=\count164
L3 Module: l3clist 2015/09/02 v5901 L3 Comma separated lists
L3 Module: l3token 2015/11/11 v6249 L3 Experimental token manipulation
L3 Module: l3prop 2016/01/05 v6366 L3 Property lists
L3 Module: l3msg 2015/09/28 v6113 L3 Messages
L3 Module: l3file 2015/12/03 v6317 L3 File and I/O operations
\l_iow_line_count_int=\count165
\l__iow_target_count_int=\count166
\l__iow_current_line_int=\count167
\l__iow_current_word_int=\count168
\l__iow_current_indentation_int=\count169
L3 Module: l3skip 2016/01/05 v6366 L3 Dimensions and skips
\c_zero_dim=\dimen187
\c_max_dim=\dimen188
\l_tmpa_dim=\dimen189
\l_tmpb_dim=\dimen190
\g_tmpa_dim=\dimen191
\g_tmpb_dim=\dimen192
\c_zero_skip=\skip51
\c_max_skip=\skip52
\l_tmpa_skip=\skip53
\l_tmpb_skip=\skip54
\g_tmpa_skip=\skip55
\g_tmpb_skip=\skip56
\c_zero_muskip=\muskip12
\c_max_muskip=\muskip13
\l_tmpa_muskip=\muskip14
\l_tmpb_muskip=\muskip15
\g_tmpa_muskip=\muskip16
\g_tmpb_muskip=\muskip17
L3 Module: l3keys 2015/11/17 v6284 L3 Key-value interfaces
\g__keyval_level_int=\count170
\l_keys_choice_int=\count171
L3 Module: l3fp 2015/08/25 v5890 L3 Floating points
\c__fp_leading_shift_int=\count172
\c__fp_middle_shift_int=\count173
\c__fp_trailing_shift_int=\count174
\c__fp_big_leading_shift_int=\count175
\c__fp_big_middle_shift_int=\count176
\c__fp_big_trailing_shift_int=\count177
\c__fp_Bigg_leading_shift_int=\count178
\c__fp_Bigg_middle_shift_int=\count179
\c__fp_Bigg_trailing_shift_int=\count180
L3 Module: l3box 2015/08/09 v5822 L3 Experimental boxes
\c_empty_box=\box60
\l_tmpa_box=\box61
\l_tmpb_box=\box62
\g_tmpa_box=\box63
\g_tmpb_box=\box64
L3 Module: l3coffins 2015/08/06 v5789 L3 Coffin code layer
\l__coffin_internal_box=\box65
\l__coffin_internal_dim=\dimen193
\l__coffin_offset_x_dim=\dimen194
\l__coffin_offset_y_dim=\dimen195
\l__coffin_x_dim=\dimen196
\l__coffin_y_dim=\dimen197
\l__coffin_x_prime_dim=\dimen198
\l__coffin_y_prime_dim=\dimen199
\c_empty_coffin=\box66
\l__coffin_aligned_coffin=\box67
\l__coffin_aligned_internal_coffin=\box68
\l_tmpa_coffin=\box69
\l_tmpb_coffin=\box70
\l__coffin_display_coffin=\box71
\l__coffin_display_coord_coffin=\box72
\l__coffin_display_pole_coffin=\box73
\l__coffin_display_offset_dim=\dimen256
\l__coffin_display_x_dim=\dimen257
\l__coffin_display_y_dim=\dimen258
L3 Module: l3color 2014/08/23 v5354 L3 Experimental color support
L3 Module: l3sys 2015/09/25 v6087 L3 Experimental system/runtime functions
L3 Module: l3candidates 2016/01/14 v6376 L3 Experimental additions to l3kernel
\l__box_top_dim=\dimen259
\l__box_bottom_dim=\dimen260
\l__box_left_dim=\dimen261
\l__box_right_dim=\dimen262
\l__box_top_new_dim=\dimen263
\l__box_bottom_new_dim=\dimen264
\l__box_left_new_dim=\dimen265
\l__box_right_new_dim=\dimen266
\l__box_internal_box=\box74
\l__coffin_bounding_shift_dim=\dimen267
\l__coffin_left_corner_dim=\dimen268
\l__coffin_right_corner_dim=\dimen269
\l__coffin_bottom_corner_dim=\dimen270
\l__coffin_top_corner_dim=\dimen271
\l__coffin_scaled_total_height_dim=\dimen272
\l__coffin_scaled_width_dim=\dimen273
L3 Module: l3luatex 2015/11/11 v6250 L3 Experimental LuaTeX-specific functions
)
(/usr/share/texlive/texmf-dist/tex/latex/l3kernel/l3pdfmode.def
File: l3pdfmode.def 2015/11/11 v6250 L3 Experimental driver: PDF mode
\l__driver_color_stack_int=\count181
))
Package: xparse 2016/01/19 v6377 L3 Experimental document command parser
\l__xparse_current_arg_int=\count182
\l__xparse_m_args_int=\count183
\l__xparse_mandatory_args_int=\count184
\l__xparse_processor_int=\count185
\l__xparse_v_nesting_int=\count186
)
.................................................
. LaTeX info: "xparse/define-command"
. 
. Defining command \tcboxverb with sig. ' O{} v ' on line 128.
.................................................
.................................................
. LaTeX info: "xparse/define-command"
. 
. Defining command \tcbsidebyside with sig. ' +O{} +m +m ' on line 280.
.................................................
)
(/usr/share/texlive/texmf-dist/tex/latex/tcolorbox/tcblistingsutf8.code.tex
Library (tcolorbox): 'tcblistingsutf8.code.tex' version '3.90'
(/usr/share/texlive/texmf-dist/tex/latex/oberdiek/listingsutf8.sty
Package: listingsutf8 2011/11/10 v1.2 Allow UTF-8 in listings input (HO)

(/usr/share/texlive/texmf-dist/tex/generic/oberdiek/stringenc.sty
Package: stringenc 2011/12/02 v1.10 Convert strings between diff. encodings (HO
)
))
(/usr/share/texlive/texmf-dist/tex/latex/tcolorbox/tcblistings.code.tex
Library (tcolorbox): 'tcblistings.code.tex' version '3.90'
(/usr/share/texlive/texmf-dist/tex/latex/tcolorbox/tcblistingscore.code.tex
Library (tcolorbox): 'tcblistingscore.code.tex' version '3.90'
\c@tcblisting=\count187
))) (/usr/share/texlive/texmf-dist/tex/latex/tcolorbox/tcbexternal.code.tex
Library (tcolorbox): 'tcbexternal.code.tex' version '3.90'
) (/usr/share/texlive/texmf-dist/tex/latex/tcolorbox/tcbmagazine.code.tex
Library (tcolorbox): 'tcbmagazine.code.tex' version '3.90'
)) (/usr/share/texlive/texmf-dist/tex/latex/inconsolata/inconsolata.sty
Package: inconsolata 2016/02/22 v1.10

`inconsolata-zi4' v1.10, 2016/02/22 Text macros for Inconsolata (msharpe)
\zifour@ocount=\count188
)
\c@tcb@cnt@sexylisting=\count189

(./thesis.sty
Package: thesis 2014/12/23v2.59LaTeX document class


Styl 'thesis.sty' pro psani kvalifikacnich praci v(2.59) na VUT v Brne

\USenglishvut=\count190
\germanvut=\count191
\austriavut=\count192
\frenchvut=\count193
\englishvut=\count194
\czechvut=\count195
\slovakvut=\count196
\thesis@tmp=\skip57
) (./sablona.aux (./text/uvod.aux

LaTeX Warning: Label `fig:webfig' multiply defined.


LaTeX Warning: Label `fig:webfig' multiply defined.

) (./text/reseni.aux) (./text/vysledky.aux) (./text/zaver.aux)
(./text/literatura.aux) (./text/zkratky.aux) (./text/prilohy.aux))
\openout1 = `sablona.aux'.

LaTeX Font Info:    Checking defaults for OML/cmm/m/it on input line 158.
LaTeX Font Info:    ... okay on input line 158.
LaTeX Font Info:    Checking defaults for T1/cmr/m/n on input line 158.
LaTeX Font Info:    ... okay on input line 158.
LaTeX Font Info:    Checking defaults for OT1/cmr/m/n on input line 158.
LaTeX Font Info:    ... okay on input line 158.
LaTeX Font Info:    Checking defaults for OMS/cmsy/m/n on input line 158.
LaTeX Font Info:    ... okay on input line 158.
LaTeX Font Info:    Checking defaults for OMX/cmex/m/n on input line 158.
LaTeX Font Info:    ... okay on input line 158.
LaTeX Font Info:    Checking defaults for U/cmr/m/n on input line 158.
LaTeX Font Info:    ... okay on input line 158.
LaTeX Font Info:    Checking defaults for PD1/pdf/m/n on input line 158.
LaTeX Font Info:    ... okay on input line 158.
LaTeX Font Info:    Checking defaults for PU/pdf/m/n on input line 158.
LaTeX Font Info:    ... okay on input line 158.
LaTeX Font Info:    Checking defaults for TS1/cmr/m/n on input line 158.
LaTeX Font Info:    Try loading font information for TS1+cmr on input line 158.


(/usr/share/texlive/texmf-dist/tex/latex/base/ts1cmr.fd
File: ts1cmr.fd 2014/09/29 v2.5h Standard LaTeX font definitions
)
LaTeX Font Info:    ... okay on input line 158.
LaTeX Font Info:    Try loading font information for T1+lmr on input line 158.

(/usr/share/texmf/tex/latex/lm/t1lmr.fd
File: t1lmr.fd 2009/10/30 v1.6 Font defs for Latin Modern
)
(/usr/share/texlive/texmf-dist/tex/context/base/supp-pdf.mkii
[Loading MPS to PDF converter (version 2006.09.02).]
\scratchcounter=\count197
\scratchdimen=\dimen274
\scratchbox=\box75
\nofMPsegments=\count198
\nofMParguments=\count199
\everyMPshowfont=\toks44
\MPscratchCnt=\count266
\MPscratchDim=\dimen275
\MPnumerator=\count267
\makeMPintoPDFobject=\count268
\everyMPtoPDFconversion=\toks45
) (/usr/share/texlive/texmf-dist/tex/latex/oberdiek/epstopdf-base.sty
Package: epstopdf-base 2010/02/09 v2.5 Base part for package epstopdf

(/usr/share/texlive/texmf-dist/tex/latex/oberdiek/grfext.sty
Package: grfext 2010/08/19 v1.1 Manage graphics extensions (HO)
)
Package grfext Info: Graphics extension search list:
(grfext)             [.png,.pdf,.jpg,.mps,.jpeg,.jbig2,.jb2,.PNG,.PDF,.JPG,.JPE
G,.JBIG2,.JB2,.eps]
(grfext)             \AppendGraphicsExtensions on input line 452.

(/usr/share/texlive/texmf-dist/tex/latex/latexconfig/epstopdf-sys.cfg
File: epstopdf-sys.cfg 2010/07/13 v1.3 Configuration of (r)epstopdf for TeX Liv
e
))
\AtBeginShipoutBox=\box76
Package hyperref Info: Link coloring OFF on input line 158.

(/usr/share/texlive/texmf-dist/tex/latex/hyperref/nameref.sty
Package: nameref 2012/10/27 v2.43 Cross-referencing by name of section

(/usr/share/texlive/texmf-dist/tex/generic/oberdiek/gettitlestring.sty
Package: gettitlestring 2010/12/03 v1.4 Cleanup title references (HO)
)
\c@section@level=\count269
)
LaTeX Info: Redefining \ref on input line 158.
LaTeX Info: Redefining \pageref on input line 158.
LaTeX Info: Redefining \nameref on input line 158.

(./sablona.out) (./sablona.out)
\@outlinefile=\write7
\openout7 = `sablona.out'.


(/usr/share/texlive/texmf-dist/tex/latex/oberdiek/pdflscape.sty
Package: pdflscape 2008/08/11 v0.10 Display of landscape pages in PDF (HO)

(/usr/share/texlive/texmf-dist/tex/latex/graphics/lscape.sty
Package: lscape 2000/10/22 v3.01 Landscape Pages (DPC)
)
Package pdflscape Info: Auto-detected driver: pdftex on input line 80.
)
\c@lstlisting=\count270

ABD: EveryShipout initializing macros
(/usr/share/texlive/texmf-dist/tex/latex/upquote/upquote.sty
Package: upquote 2012/04/19 v1.3 upright-quote and grave-accent glyphs in verba
tim
)
<pdf/student-desky.pdf, id=426, 597.51233pt x 845.0471pt>
File: pdf/student-desky.pdf Graphic file (type pdf)

<use pdf/student-desky.pdf>
Package pdftex.def Info: pdf/student-desky.pdf used on input line 163.
(pdftex.def)             Requested size: 597.51086pt x 845.04504pt.
File: pdf/student-desky.pdf Graphic file (type pdf)
 <use pdf/student-desky.pdf>
Package pdftex.def Info: pdf/student-desky.pdf used on input line 163.
(pdftex.def)             Requested size: 597.51086pt x 845.04504pt.

<pdf/student-desky.pdf, id=429, page=1, 597.51233pt x 845.0471pt>
File: pdf/student-desky.pdf Graphic file (type pdf)

<use pdf/student-desky.pdf, page 1>
Package pdftex.def Info: pdf/student-desky.pdf, page1 used on input line 163.
(pdftex.def)             Requested size: 597.51086pt x 845.04504pt.
File: pdf/student-desky.pdf Graphic file (type pdf)
 <use pdf/student-desky.pdf, page 1>
Package pdftex.def Info: pdf/student-desky.pdf, page1 used on input line 163.
(pdftex.def)             Requested size: 597.53821pt x 845.08372pt.
File: pdf/student-desky.pdf Graphic file (type pdf)

<use pdf/student-desky.pdf, page 1>
Package pdftex.def Info: pdf/student-desky.pdf, page1 used on input line 163.
(pdftex.def)             Requested size: 597.53821pt x 845.08372pt.
File: pdf/student-desky.pdf Graphic file (type pdf)
 <use pdf/student-desky.pdf, page 1>
Package pdftex.def Info: pdf/student-desky.pdf, page1 used on input line 163.
(pdftex.def)             Requested size: 597.53821pt x 845.08372pt.
File: pdf/student-desky.pdf Graphic file (type pdf)

<use pdf/student-desky.pdf, page 1>
Package pdftex.def Info: pdf/student-desky.pdf, page1 used on input line 163.
(pdftex.def)             Requested size: 597.53821pt x 845.08372pt.
 [1

 <./pdf/student-desky.pdf>]
<pdf/student-titulka.pdf, id=445, 597.51233pt x 845.0471pt>
File: pdf/student-titulka.pdf Graphic file (type pdf)

<use pdf/student-titulka.pdf>
Package pdftex.def Info: pdf/student-titulka.pdf used on input line 170.
(pdftex.def)             Requested size: 597.51086pt x 845.04504pt.
File: pdf/student-titulka.pdf Graphic file (type pdf)
 <use pdf/student-titulka.pdf>
Package pdftex.def Info: pdf/student-titulka.pdf used on input line 170.
(pdftex.def)             Requested size: 597.51086pt x 845.04504pt.

<pdf/student-titulka.pdf, id=448, page=1, 597.51233pt x 845.0471pt>
File: pdf/student-titulka.pdf Graphic file (type pdf)

<use pdf/student-titulka.pdf, page 1>
Package pdftex.def Info: pdf/student-titulka.pdf, page1 used on input line 170.

(pdftex.def)             Requested size: 597.51086pt x 845.04504pt.
File: pdf/student-titulka.pdf Graphic file (type pdf)
 <use pdf/student-titulka.pdf, page 1>
Package pdftex.def Info: pdf/student-titulka.pdf, page1 used on input line 170.

(pdftex.def)             Requested size: 597.53821pt x 845.08372pt.
File: pdf/student-titulka.pdf Graphic file (type pdf)

<use pdf/student-titulka.pdf, page 1>
Package pdftex.def Info: pdf/student-titulka.pdf, page1 used on input line 170.

(pdftex.def)             Requested size: 597.53821pt x 845.08372pt.
File: pdf/student-titulka.pdf Graphic file (type pdf)
 <use pdf/student-titulka.pdf, page 1>
Package pdftex.def Info: pdf/student-titulka.pdf, page1 used on input line 170.

(pdftex.def)             Requested size: 597.53821pt x 845.08372pt.
File: pdf/student-titulka.pdf Graphic file (type pdf)

<use pdf/student-titulka.pdf, page 1>
Package pdftex.def Info: pdf/student-titulka.pdf, page1 used on input line 170.

(pdftex.def)             Requested size: 597.53821pt x 845.08372pt.
 [1 <./pdf/student-titulka.pdf>]
<pdf/student-zadani.pdf, id=467, 597.51233pt x 845.0471pt>
File: pdf/student-zadani.pdf Graphic file (type pdf)

<use pdf/student-zadani.pdf>
Package pdftex.def Info: pdf/student-zadani.pdf used on input line 176.
(pdftex.def)             Requested size: 597.51086pt x 845.04504pt.
File: pdf/student-zadani.pdf Graphic file (type pdf)
 <use pdf/student-zadani.pdf>
Package pdftex.def Info: pdf/student-zadani.pdf used on input line 176.
(pdftex.def)             Requested size: 597.51086pt x 845.04504pt.

<pdf/student-zadani.pdf, id=470, page=1, 597.51233pt x 845.0471pt>
File: pdf/student-zadani.pdf Graphic file (type pdf)

<use pdf/student-zadani.pdf, page 1>
Package pdftex.def Info: pdf/student-zadani.pdf, page1 used on input line 176.
(pdftex.def)             Requested size: 597.51086pt x 845.04504pt.
File: pdf/student-zadani.pdf Graphic file (type pdf)
 <use pdf/student-zadani.pdf, page 1>
Package pdftex.def Info: pdf/student-zadani.pdf, page1 used on input line 176.
(pdftex.def)             Requested size: 597.53821pt x 845.08372pt.
File: pdf/student-zadani.pdf Graphic file (type pdf)

<use pdf/student-zadani.pdf, page 1>
Package pdftex.def Info: pdf/student-zadani.pdf, page1 used on input line 176.
(pdftex.def)             Requested size: 597.53821pt x 845.08372pt.
File: pdf/student-zadani.pdf Graphic file (type pdf)
 <use pdf/student-zadani.pdf, page 1>
Package pdftex.def Info: pdf/student-zadani.pdf, page1 used on input line 176.
(pdftex.def)             Requested size: 597.53821pt x 845.08372pt.
File: pdf/student-zadani.pdf Graphic file (type pdf)

<use pdf/student-zadani.pdf, page 1>
Package pdftex.def Info: pdf/student-zadani.pdf, page1 used on input line 176.
(pdftex.def)             Requested size: 597.53821pt x 845.08372pt.
 [2 <./pdf/student-zadani.pdf>]
LaTeX Font Info:    Try loading font information for T1+lmss on input line 183.


(/usr/share/texmf/tex/latex/lm/t1lmss.fd
File: t1lmss.fd 2009/10/30 v1.6 Font defs for Latin Modern
)
LaTeX Font Info:    Try loading font information for OT1+lmr on input line 183.


(/usr/share/texmf/tex/latex/lm/ot1lmr.fd
File: ot1lmr.fd 2009/10/30 v1.6 Font defs for Latin Modern
)<<ot1.cmap>>
LaTeX Font Info:    Try loading font information for OML+lmm on input line 183.


(/usr/share/texmf/tex/latex/lm/omllmm.fd
File: omllmm.fd 2009/10/30 v1.6 Font defs for Latin Modern
)<<oml.cmap>>
LaTeX Font Info:    Try loading font information for OMS+lmsy on input line 183
.

(/usr/share/texmf/tex/latex/lm/omslmsy.fd
File: omslmsy.fd 2009/10/30 v1.6 Font defs for Latin Modern
)<<oms.cmap>>
LaTeX Font Info:    Try loading font information for OMX+lmex on input line 183
.

(/usr/share/texmf/tex/latex/lm/omxlmex.fd
File: omxlmex.fd 2009/10/30 v1.6 Font defs for Latin Modern
)
LaTeX Font Info:    External font `lmex10' loaded for size
(Font)              <12> on input line 183.
<<omx.cmap>>
LaTeX Font Info:    External font `lmex10' loaded for size
(Font)              <8> on input line 183.
LaTeX Font Info:    External font `lmex10' loaded for size
(Font)              <6> on input line 183.
 [3

{/var/lib/texmf/fonts/map/pdftex/updmap/pdftex.map}] [4

] [5

]
<loga/SIX_logo_zahlavi.png, id=531, 280.4076pt x 108.405pt>
File: loga/SIX_logo_zahlavi.png Graphic file (type png)

<use loga/SIX_logo_zahlavi.png>
Package pdftex.def Info: loga/SIX_logo_zahlavi.png used on input line 193.
(pdftex.def)             Requested size: 217.66734pt x 84.14864pt.

<loga/logolink-op_vavpi.png, id=532, 4100.31876pt x 975.645pt>
File: loga/logolink-op_vavpi.png Graphic file (type png)

<use loga/logolink-op_vavpi.png>
Package pdftex.def Info: loga/logolink-op_vavpi.png used on input line 193.
(pdftex.def)             Requested size: 426.79134pt x 101.54507pt.
 [6

 <./loga/SIX_logo_zahlavi.png> <./loga/logolink-op_vavpi.png>] (./sablona.toc [
7


] [8])
\tf@toc=\write8
\openout8 = `sablona.toc'.

 [9] (./sablona.lof)
\tf@lof=\write9
\openout9 = `sablona.lof'.

 [10


]
(./sablona.lot)
\tf@lot=\write10
\openout10 = `sablona.lot'.

 [11


]
\openout2 = `text/uvod.aux'.

 (./text/uvod.tex [12


]
LaTeX Font Info:    Try loading font information for TS1+lmr on input line 16.

(/usr/share/texmf/tex/latex/lm/ts1lmr.fd
File: ts1lmr.fd 2009/10/30 v1.6 Font defs for Latin Modern
) [13

] [14]
Overfull \hbox (53.30112pt too wide) in paragraph at lines 66--69
\T1/lmr/m/n/12 uit pr-kazu napr. \T1/lmr/m/it/12 /i-p/add-res-s/p-rint\T1/lm
r/m/n/12 , \T1/lmr/m/it/12 /i-p/add-res-s/add add-ress="10.1.1.1/24nterface=t
her1"\T1/lmr/m/n/12 . 
 []

[15] [16] <obrazky/../text/winbox.png, id=821, 1917.1625pt x 906.38625pt>
File: obrazky/../text/winbox.png Graphic file (type png)

<use obrazky/../text/winbox.png>
Package pdftex.def Info: obrazky/../text/winbox.png used on input line 118.
(pdftex.def)             Requested size: 383.4257pt x 181.27403pt.
 [17

 <./obrazky/../text/winbox.png>]
<obrazky/../text/webfig.png, id=829, 925.4575pt x 237.88875pt>
File: obrazky/../text/webfig.png Graphic file (type png)

<use obrazky/../text/webfig.png>
Package pdftex.def Info: obrazky/../text/webfig.png used on input line 134.
(pdftex.def)             Requested size: 370.17644pt x 95.15381pt.

<obrazky/../text/mactelnet.png, id=831, 945.5325pt x 76.285pt>
File: obrazky/../text/mactelnet.png Graphic file (type png)

<use obrazky/../text/mactelnet.png>
Package pdftex.def Info: obrazky/../text/mactelnet.png used on input line 142.
(pdftex.def)             Requested size: 378.2063pt x 30.51344pt.
 [18 <./obrazky/../text/webfig.png> <./obrazky/../text/mactelnet.png>]
<obrazky/../text/ssh.png, id=845, 694.595pt x 520.94624pt>
File: obrazky/../text/ssh.png Graphic file (type png)

<use obrazky/../text/ssh.png>
Package pdftex.def Info: obrazky/../text/ssh.png used on input line 157.
(pdftex.def)             Requested size: 277.83307pt x 208.3748pt.
 [19] [20 <./obrazky/../text/ssh.png>] [21

]
<obrazky/../text/pycharm.png, id=865, 1926.19624pt x 1013.7875pt>
File: obrazky/../text/pycharm.png Graphic file (type png)

<use obrazky/../text/pycharm.png>
Package pdftex.def Info: obrazky/../text/pycharm.png used on input line 219.
(pdftex.def)             Requested size: 481.54788pt x 253.44626pt.

Overfull \hbox (54.75655pt too wide) in paragraph at lines 219--220
 [][] 
 []

[22] [23 <./obrazky/../text/pycharm.png>]
Overfull \hbox (16.19699pt too wide) in paragraph at lines 224--224
[]\T1/lmr/bx/n/17.28 POUIT KNI-NICE V DIP-LO-MO-VEJ PRCI 
 []

(/usr/share/texlive/texmf-dist/tex/latex/listings/lstlang1.sty
File: lstlang1.sty 2015/06/04 1.6 listings language file
)
Package hyperref Info: bookmark level for unknown lstlisting defaults to 0 on i
nput line 233.
 [24

] [25]
[26] [27]) [28]
\openout2 = `text/reseni.aux'.

 (./text/reseni.tex
Overfull \hbox (17.99268pt too wide) in paragraph at lines 1--1
[]\T1/lmr/bx/n/17.28 KONZOLOV AS AP-LI-K-CIE NA SPRVU
 []

<obrazky/../text/loginFiles.png, id=984, 280.04625pt x 231.86626pt>
File: obrazky/../text/loginFiles.png Graphic file (type png)

<use obrazky/../text/loginFiles.png>
Package pdftex.def Info: obrazky/../text/loginFiles.png used on input line 12.
(pdftex.def)             Requested size: 168.02904pt x 139.12082pt.
 [29



 <./obrazky/../text/loginFiles.png>]

! LaTeX Error: There's no line here to end.

See the LaTeX manual or LaTeX Companion for explanation.
Type  H <return>  for immediate help.
 ...                                              
                                                  
l.26 \begin
           {lstlisting}[language=python, frame=single, caption=Deklarcia v...

Your command was ignored.
Type  I <command> <return>  to replace it with another command,
or  <return>  to continue without it.

[30] <obrazky/../text/constructors.png, id=1017, 847.165pt x 400.49625pt>
File: obrazky/../text/constructors.png Graphic file (type png)

<use obrazky/../text/constructors.png>
Package pdftex.def Info: obrazky/../text/constructors.png used on input line 87
.
(pdftex.def)             Requested size: 423.58145pt x 200.24763pt.
 [31] [32 <./obrazky/../text/constructors.png>]
Overfull \hbox (3.25606pt too wide) in paragraph at lines 132--133
[][][][][][][][][][][][][][][][][][][][][][][] 
 []

[33] [34] [35] [36] [37] [38]

LaTeX Warning: Reference `fig:bridge2' on page 39 undefined on input line 266.

[39

] <obrazky/../text/bridge.png, id=1209, 393.47pt x 647.41875pt>
File: obrazky/../text/bridge.png Graphic file (type png)

<use obrazky/../text/bridge.png>
Package pdftex.def Info: obrazky/../text/bridge.png used on input line 310.
(pdftex.def)             Requested size: 188.86345pt x 310.75746pt.
 [40 <./obrazky/../text/bridge.png (PNG copy)>] [41]
Overfull \hbox (0.69955pt too wide) in paragraph at lines 354--355
[]\T1/lmr/bx/n/12 reselectChannnels \T1/lmr/m/n/12 - trieda oet-ruje v-ber dr
u-hho ka-nlu pr-stu-po-vho bodu 
 []

<obrazky/../text/configRates.png, id=1222, 336.25626pt x 254.9525pt>
File: obrazky/../text/configRates.png Graphic file (type png)

<use obrazky/../text/configRates.png>
Package pdftex.def Info: obrazky/../text/configRates.png used on input line 362
.
(pdftex.def)             Requested size: 201.75531pt x 152.97266pt.
 [42 <./obrazky/../text/configRates.png (PNG copy)>] <obrazky/../text/DudeDev.p
ng, id=1233, 379.4175pt x 324.21124pt>
File: obrazky/../text/DudeDev.png Graphic file (type png)

<use obrazky/../text/DudeDev.png>
Package pdftex.def Info: obrazky/../text/DudeDev.png used on input line 399.
(pdftex.def)             Requested size: 227.65225pt x 194.52824pt.
 [43] [44 <./obrazky/../text/DudeDev.png (PNG copy)>] <obrazky/../text/gre.png,
 id=1250, 410.53375pt x 370.38374pt>
File: obrazky/../text/gre.png Graphic file (type png)

<use obrazky/../text/gre.png>
Package pdftex.def Info: obrazky/../text/gre.png used on input line 446.
(pdftex.def)             Requested size: 246.32214pt x 222.23195pt.
 [45] [46 <./obrazky/../text/gre.png (PNG copy)>]
Overfull \hbox (12.86667pt too wide) in paragraph at lines 485--497
\T1/lmr/bx/n/12 ced-Se-tup, Con-nec-ti-ons, Ex-tra-Se-tup, Fil-ter, L7Protocols
,Mangle, NAT,
 []


Overfull \hbox (0.94464pt too wide) in paragraph at lines 497--509
[]\T1/lmr/bx/n/12 Hotspot \T1/lmr/m/n/12 - triedy H\T1/lmr/bx/n/12 otspotActive
 a Hots-pot-Co-okies, Hots-pot-host, Hots-
 []


Overfull \hbox (20.27802pt too wide) in paragraph at lines 497--509
\T1/lmr/bx/n/12 Ports, Hots-po-tU-ser-Pro-file, Hots-po-tU-sers, Hots-pot-Wal-l
ed-Gar-den, Hots-
 []

[47] [48]
Overfull \hbox (1.58473pt too wide) in paragraph at lines 533--536
\T1/lmr/bx/n/12 SnmpCommunity \T1/lmr/m/n/12 - trieda oet-ruje glo-blne na-st
a-ve-nie ko-mun-nt(community
 []

<obrazky/../text/addList.png, id=1274, 347.2975pt x 301.125pt>
File: obrazky/../text/addList.png Graphic file (type png)

<use obrazky/../text/addList.png>
Package pdftex.def Info: obrazky/../text/addList.png used on input line 574.
(pdftex.def)             Requested size: 208.3801pt x 180.67638pt.
 [49] [50 <./obrazky/../text/addList.png (PNG copy)>] <obrazky/../text/fwmangle
.png, id=1287, 327.2225pt x 278.03876pt>
File: obrazky/../text/fwmangle.png Graphic file (type png)

<use obrazky/../text/fwmangle.png>
Package pdftex.def Info: obrazky/../text/fwmangle.png used on input line 624.
(pdftex.def)             Requested size: 196.335pt x 166.82454pt.
 [51]
<obrazky/../text/kvmfig.png, id=1295, 327.2225pt x 116.435pt>
File: obrazky/../text/kvmfig.png Graphic file (type png)

<use obrazky/../text/kvmfig.png>
Package pdftex.def Info: obrazky/../text/kvmfig.png used on input line 648.
(pdftex.def)             Requested size: 196.335pt x 69.86153pt.
 [52 <./obrazky/../text/fwmangle.png (PNG copy)> <./obrazky/../text/kvmfig.png 
(PNG copy)>]
<obrazky/../text/log.png, id=1303, 143.53625pt x 66.2475pt>
File: obrazky/../text/log.png Graphic file (type png)

<use obrazky/../text/log.png>
Package pdftex.def Info: obrazky/../text/log.png used on input line 658.
(pdftex.def)             Requested size: 86.1224pt x 39.7488pt.

<obrazky/../text/logUML.png, id=1306, 327.2225pt x 116.435pt>
File: obrazky/../text/logUML.png Graphic file (type png)

<use obrazky/../text/logUML.png>
Package pdftex.def Info: obrazky/../text/logUML.png used on input line 676.
(pdftex.def)             Requested size: 196.335pt x 69.86153pt.


LaTeX Warning: No positions in optional float specifier.
               Default added (so using `tbp') on input line 682.

<obrazky/../text/support.png, id=1309, 327.2225pt x 116.435pt>
File: obrazky/../text/support.png Graphic file (type png)

<use obrazky/../text/support.png>
Package pdftex.def Info: obrazky/../text/support.png used on input line 695.
(pdftex.def)             Requested size: 196.335pt x 69.86153pt.
 [53 <./obrazky/../text/log.png> <./obrazky/../text/logUML.png (PNG copy)>]

LaTeX Warning: No positions in optional float specifier.
               Default added (so using `tbp') on input line 710.

<obrazky/../text/meshuml.png, id=1321, 469.755pt x 624.3325pt>
File: obrazky/../text/meshuml.png Graphic file (type png)

<use obrazky/../text/meshuml.png>
Package pdftex.def Info: obrazky/../text/meshuml.png used on input line 745.
(pdftex.def)             Requested size: 281.85518pt x 374.60239pt.
 [54 <./obrazky/../text/support.png (PNG copy)>] [55] [56 <./obrazky/../text/me
shuml.png (PNG copy)>]
<obrazky/../text/mplsuml.png, id=1342, 367.3725pt x 278.03876pt>
File: obrazky/../text/mplsuml.png Graphic file (type png)

<use obrazky/../text/mplsuml.png>
Package pdftex.def Info: obrazky/../text/mplsuml.png used on input line 794.
(pdftex.def)             Requested size: 220.42519pt x 166.82454pt.
 [57] [58 <./obrazky/../text/mplsuml.png (PNG copy)>] [59] <obrazky/../text/ppp
tab.png, id=1360, 428.60126pt x 208.78pt>
File: obrazky/../text/ppptab.png Graphic file (type png)

<use obrazky/../text/ppptab.png>
Package pdftex.def Info: obrazky/../text/ppptab.png used on input line 877.
(pdftex.def)             Requested size: 257.16273pt x 125.26895pt.
 [60 <./obrazky/../text/ppptab.png (PNG copy)>] <obrazky/../text/QueueTree.png,
 id=1371, 358.33875pt x 531.9875pt>
File: obrazky/../text/QueueTree.png Graphic file (type png)

<use obrazky/../text/QueueTree.png>
Package pdftex.def Info: obrazky/../text/QueueTree.png used on input line 925.
(pdftex.def)             Requested size: 215.0049pt x 319.19496pt.
 [61]
<obrazky/../text/radiusPng.png, id=1379, 364.36125pt x 670.505pt>
File: obrazky/../text/radiusPng.png Graphic file (type png)

<use obrazky/../text/radiusPng.png>
Package pdftex.def Info: obrazky/../text/radiusPng.png used on input line 973.
(pdftex.def)             Requested size: 218.61842pt x 402.3061pt.
 [62 <./obrazky/../text/QueueTree.png (PNG copy)>] [63] [64 <./obrazky/../text/
radiusPng.png (PNG copy)>]
<obrazky/../text/RipNetworks.png, id=1398, 327.2225pt x 231.86626pt>
File: obrazky/../text/RipNetworks.png Graphic file (type png)

<use obrazky/../text/RipNetworks.png>
Package pdftex.def Info: obrazky/../text/RipNetworks.png used on input line 101
5.
(pdftex.def)             Requested size: 196.335pt x 139.12082pt.
 [65 <./obrazky/../text/RipNetworks.png (PNG copy)>]
<obrazky/../text/SwitchPorts.png, id=1408, 363.3575pt x 185.69376pt>
File: obrazky/../text/SwitchPorts.png Graphic file (type png)

<use obrazky/../text/SwitchPorts.png>
Package pdftex.def Info: obrazky/../text/SwitchPorts.png used on input line 104
9.
(pdftex.def)             Requested size: 290.68639pt x 148.55519pt.
 [66] [67 <./obrazky/../text/SwitchPorts.png (PNG copy)>]
<obrazky/../text/SystemMaintenance.png, id=1423, 348.30125pt x 139.52126pt>
File: obrazky/../text/SystemMaintenance.png Graphic file (type png)

<use obrazky/../text/SystemMaintenance.png>
Package pdftex.def Info: obrazky/../text/SystemMaintenance.png used on input li
ne 1102.
(pdftex.def)             Requested size: 208.98236pt x 83.7134pt.
 [68 <./obrazky/../text/SystemMaintenance.png (PNG copy)>]
<obrazky/../text/Netwatch.png, id=1434, 334.24875pt x 301.125pt>
File: obrazky/../text/Netwatch.png Graphic file (type png)

<use obrazky/../text/Netwatch.png>
Package pdftex.def Info: obrazky/../text/Netwatch.png used on input line 1155.
(pdftex.def)             Requested size: 200.55078pt x 180.67638pt.
 [69]
Overfull \hbox (5.15279pt too wide) in paragraph at lines 1175--1176
[]\T1/lmr/bx/n/12 interfaceVirtualStationPseudoBridge \T1/lmr/m/n/12 - trieda o
et-ruje na-sta-ve-nie pse-udob-
 []

[70 <./obrazky/../text/Netwatch.png (PNG copy)>]
<obrazky/../text/securityProfileRadius.png, id=1448, 398.48875pt x 324.21124pt>
File: obrazky/../text/securityProfileRadius.png Graphic file (type png)
<use obrazky/../text/securityProfileRadius.png>
Package pdftex.def Info: obrazky/../text/securityProfileRadius.png used on inpu
t line 1210.
(pdftex.def)             Requested size: 239.0951pt x 194.52824pt.
) [71 <./obrazky/../text/securityProfileRadius.png (PNG copy)>]
\openout2 = `text/vysledky.aux'.

 (./text/vysledky.tex
Overfull \hbox (13.97722pt too wide) in paragraph at lines 1--1
[]\T1/lmr/bx/n/17.28 GRAFICK AS AP-LI-K-CIE (FRON-TEND) 
 []

[72



] <obrazky/../text/linuxwinbox.png, id=1461, 837.1275pt x 551.05875pt>
File: obrazky/../text/linuxwinbox.png Graphic file (type png)

<use obrazky/../text/linuxwinbox.png>
Package pdftex.def Info: obrazky/../text/linuxwinbox.png used on input line 25.

(pdftex.def)             Requested size: 376.70389pt x 247.97414pt.

Underfull \hbox (badness 10000) in paragraph at lines 21--28

 []

<obrazky/../text/socket.png, id=1463, 209.78375pt x 157.58875pt>
File: obrazky/../text/socket.png Graphic file (type png)

<use obrazky/../text/socket.png>
Package pdftex.def Info: obrazky/../text/socket.png used on input line 32.
(pdftex.def)             Requested size: 115.38141pt x 86.67407pt.
 [73

 <./obrazky/../text/linuxwinbox.png>]
<obrazky/../text/loginerror.png, id=1470, 204.765pt x 144.54pt>
File: obrazky/../text/loginerror.png Graphic file (type png)

<use obrazky/../text/loginerror.png>
Package pdftex.def Info: obrazky/../text/loginerror.png used on input line 39.
(pdftex.def)             Requested size: 112.62108pt x 79.49722pt.

<obrazky/../text/loginokno.png, id=1472, 1249.66875pt x 288.07625pt>
File: obrazky/../text/loginokno.png Graphic file (type png)

<use obrazky/../text/loginokno.png>
Package pdftex.def Info: obrazky/../text/loginokno.png used on input line 48.
(pdftex.def)             Requested size: 437.39063pt x 100.82819pt.

Overfull \hbox (10.59929pt too wide) in paragraph at lines 48--49
 [][] 
 []

[74 <./obrazky/../text/socket.png> <./obrazky/../text/loginerror.png> <./obrazk
y/../text/loginokno.png>] [75]
<obrazky/../text/interfacesgui.png, id=1489, 1109.14375pt x 680.5425pt>
File: obrazky/../text/interfacesgui.png Graphic file (type png)

<use obrazky/../text/interfacesgui.png>
Package pdftex.def Info: obrazky/../text/interfacesgui.png used on input line 8
3.
(pdftex.def)             Requested size: 388.20613pt x 238.19344pt.

<obrazky/../text/ethernet.png, id=1490, 1243.64626pt x 369.38pt>
File: obrazky/../text/ethernet.png Graphic file (type png)

<use obrazky/../text/ethernet.png>
Package pdftex.def Info: obrazky/../text/ethernet.png used on input line 89.
(pdftex.def)             Requested size: 435.28271pt x 129.28493pt.

Overfull \hbox (8.49138pt too wide) in paragraph at lines 89--90
 [][] 
 []

<obrazky/../text/vlangui.png, id=1491, 1008.76875pt x 240.9pt>
File: obrazky/../text/vlangui.png Graphic file (type png)

<use obrazky/../text/vlangui.png>
Package pdftex.def Info: obrazky/../text/vlangui.png used on input line 95.
(pdftex.def)             Requested size: 353.07436pt x 84.31625pt.

<obrazky/../text/ifacelistmember.png, id=1492, 724.7075pt x 380.42125pt>
File: obrazky/../text/ifacelistmember.png Graphic file (type png)

<use obrazky/../text/ifacelistmember.png>
Package pdftex.def Info: obrazky/../text/ifacelistmember.png used on input line
 101.
(pdftex.def)             Requested size: 253.65143pt x 133.14941pt.
 [76 <./obrazky/../text/interfacesgui.png> <./obrazky/../text/ethernet.png>]
<obrazky/../text/ifacelist.png, id=1499, 642.4pt x 364.36125pt>
File: obrazky/../text/ifacelist.png Graphic file (type png)

<use obrazky/../text/ifacelist.png>
Package pdftex.def Info: obrazky/../text/ifacelist.png used on input line 107.
(pdftex.def)             Requested size: 289.07733pt x 163.96104pt.
 [77 <./obrazky/../text/vlangui.png> <./obrazky/../text/ifacelistmember.png> <.
/obrazky/../text/ifacelist.png>] [78

])
[79

]
\openout2 = `text/zaver.aux'.

 (./text/zaver.tex) [80



]
\openout2 = `text/literatura.aux'.

 (./text/literatura.tex
LaTeX Font Info:    Try loading font information for T1+zi4 on input line 7.

(/usr/share/texlive/texmf-dist/tex/latex/inconsolata/t1zi4.fd
File: t1zi4.fd 2014/06/22 T1/zi4 (Inconsolata)
)
! Misplaced alignment tab character &.
<argument> How to Install &
                            Configure Easy-RSA
l.16 ...\emph{How to Install & Configure Easy-RSA}
                                                  \/ [online].
I can't figure out why you would want to use a tab mark
here. If you just want an ampersand, the remedy is
simple: Just type `I\&' now. But if some right brace
up above has ended a previous alignment prematurely,
you're probably due for more error messages, and you
might try typing `S' now just to see what is salvageable.


Underfull \hbox (badness 3884) in paragraph at lines 16--20
[]\T1/lmr/m/it/12 How to Ins-tall  Con-fi-gure Easy-RSA \T1/lmr/m/n/12 [on-line
]. 2013, [cit.24.03.2018].
 []


Underfull \hbox (badness 2689) in paragraph at lines 16--20
\T1/lmr/m/n/12 Do-stupn z URL: $\OML/lmm/m/it/12 <$[]$\T1/zi4/m/n/12 https : /
 / docs . bigchaindb . com / projects / server / en /
 []


Underfull \hbox (badness 1112) in paragraph at lines 22--26
[]\T1/lmr/m/it/12 MAC Le-vel Ac-cess (Tel-net and Win-box) \T1/lmr/m/n/12 [on-l
ine]. 2007, [cit.26.03.2018].
 []


Underfull \hbox (badness 10000) in paragraph at lines 22--26
\T1/lmr/m/n/12 Do-stupn z URL: $\OML/lmm/m/it/12 <$[]$\T1/zi4/m/n/12 https : /
 / mikrotik . com / testdocs / ros / 2 . 9 / tools /
 []


Underfull \hbox (badness 10000) in paragraph at lines 28--32
[]\T1/lmr/m/n/12 Mitchell Ani-cas \T1/lmr/m/it/12 OpenSSL Es-sen-tials: Wor-kin
g with SSL Cer-ti-fi-ca-
 []


Underfull \hbox (badness 10000) in paragraph at lines 28--32
\T1/lmr/m/it/12 tes, Pri-vate Keys and CSRs \T1/lmr/m/n/12 [on-line]. 2012, [ci
t.24.03.2018]. Do-
 []


Underfull \hbox (badness 4217) in paragraph at lines 28--32
\T1/lmr/m/n/12 stupn z URL: $\OML/lmm/m/it/12 <$[]$\T1/zi4/m/n/12 https : / / 
www . digitalocean . com / community / tutorials /
 []


Overfull \hbox (31.00035pt too wide) in paragraph at lines 28--32
\T1/zi4/m/n/12 openssl-[]essentials-[]working-[]with-[]ssl-[]certificates-[]pri
vate-[]keys-[]and-[]csrs$[]$\OML/lmm/m/it/12 >$ 
 []


Underfull \hbox (badness 10000) in paragraph at lines 40--44
\T1/lmr/m/n/12 Do-stupn z URL: $\OML/lmm/m/it/12 <$[]$\T1/zi4/m/n/12 http : / 
/ www . cisco . com / c / en / us / products /
 []


Underfull \hbox (badness 1365) in paragraph at lines 64--68
[]\T1/lmr/m/it/12 Python 2.7.2 Re-le-ase \T1/lmr/m/n/12 [on-line]. 2018, [cit.0
2.04.2018]. Do-stupn z URL:
 []

[81




]
Underfull \hbox (badness 10000) in paragraph at lines 114--118
[]\T1/lmr/m/it/12 Install the Cer-ti-fi-ca-tion Aut-ho-rity \T1/lmr/m/n/12 [on-
line]. 2017, [cit.24.03.2018].
 []


Underfull \hbox (badness 10000) in paragraph at lines 114--118
\T1/lmr/m/n/12 Do-stupn z URL: $\OML/lmm/m/it/12 <$[]$\T1/zi4/m/n/12 https : /
 / docs . microsoft . com / en-[]us /
 []


Underfull \hbox (badness 10000) in paragraph at lines 114--118
\T1/zi4/m/n/12 windows-[]server / networking / core-[]network-[]guide / cncg / 
server-[]certs /
 []

) [82]
\openout2 = `text/zkratky.aux'.

 (./text/zkratky.tex [83




]) (./sablona.toa)
\tf@toa=\write11
\openout11 = `sablona.toa'.

 [84


]
\openout2 = `text/prilohy.aux'.

 (./text/prilohy.tex
! Missing $ inserted.
<inserted text> 
                $
l.3 ...iplomka_mikrotik/tree/adrian}{diplomka_tex}
                                                  
I've inserted a begin-math/end-math symbol since I think
you left one out. Proceed, with fingers crossed.

! Missing $ inserted.
<inserted text> 
                $
l.3 ...iplomka_mikrotik/tree/adrian}{diplomka_tex}
                                                  
I've inserted something that you may have forgotten.
(See the <inserted text> above.)
With luck, this will get me unwedged. But if you
really didn't forget anything, try typing `2' now; then
my insertion and my current dilemma will both disappear.

) [85

]

! LaTeX Error: \begin{thebibliography} on input line 1 ended by \end{document}.


See the LaTeX manual or LaTeX Companion for explanation.
Type  H <return>  for immediate help.
 ...                                              
                                                  
l.232 \end{document}
                    
Your command was ignored.
Type  I <command> <return>  to replace it with another command,
or  <return>  to continue without it.

Package atveryend Info: Empty hook `BeforeClearDocument' on input line 232.
Package atveryend Info: Empty hook `AfterLastShipout' on input line 232.
(./sablona.aux (./text/uvod.aux) (./text/reseni.aux) (./text/vysledky.aux)
(./text/zaver.aux) (./text/literatura.aux) (./text/zkratky.aux)
(./text/prilohy.aux))
Package atveryend Info: Executing hook `AtVeryEndDocument' on input line 232.
Package atveryend Info: Executing hook `AtEndAfterFileList' on input line 232.
Package rerunfilecheck Info: File `sablona.out' has not changed.
(rerunfilecheck)             Checksum: 4E8EE23554AF79018C3F464624E776EF;17355.


LaTeX Warning: There were undefined references.


LaTeX Warning: There were multiply-defined labels.

Package atveryend Info: Empty hook `AtVeryVeryEnd' on input line 232.
 )
(\end occurred inside a group at level 2)

### semi simple group (level 2) entered at line 1 (\begingroup)
### semi simple group (level 1) entered at line 1 (\begingroup)
### bottom level 
Here is how much of TeX's memory you used:
 37010 strings out of 493029
 689174 string characters out of 6136233
 780094 words of memory out of 5000000
 39316 multiletter control sequences out of 15000+600000
 53439 words of font info for 43 fonts, out of 8000000 for 9000
 1141 hyphenation exceptions out of 8191
 63i,18n,101p,10490b,1329s stack positions out of 5000i,500n,10000p,200000b,80000s
{/usr/share/texmf/fonts/enc/dvips/lm/lm-mathit.enc}{/usr/share/
texlive/texmf-dist/fonts/enc/dvips/inconsolata/i4-t1-0.enc}{/usr/share/texmf/fo
nts/enc/dvips/lm/lm-ec.enc}{/usr/share/texmf/fonts/enc/dvips/lm/lm-ts1.enc}{/us
r/share/texmf/fonts/enc/dvips/lm/lm-mathsy.enc}</usr/share/texlive/texmf-dist/f
onts/type1/public/inconsolata/Inconsolata-zi4r.pfb></usr/share/texmf/fonts/type
1/public/lm/lmbx12.pfb></usr/share/texmf/fonts/type1/public/lm/lmmi12.pfb></usr
/share/texmf/fonts/type1/public/lm/lmmi8.pfb></usr/share/texmf/fonts/type1/publ
ic/lm/lmr12.pfb></usr/share/texmf/fonts/type1/public/lm/lmri12.pfb></usr/share/
texmf/fonts/type1/public/lm/lmss10.pfb></usr/share/texmf/fonts/type1/public/lm/
lmss12.pfb></usr/share/texmf/fonts/type1/public/lm/lmssbx10.pfb></usr/share/tex
mf/fonts/type1/public/lm/lmsso12.pfb></usr/share/texmf/fonts/type1/public/lm/lm
sy10.pfb>
Output written on sablona.pdf (86 pages, 1648348 bytes).
PDF statistics:
 1750 PDF objects out of 2073 (max. 8388607)
 1558 compressed objects within 16 object streams
 565 named destinations out of 1000 (max. 500000)
 1115 words of extra memory for PDF output out of 10000 (max. 10000000)

