\BOOKMARK [0][-]{chapter.4}{\376\377\000\332\000v\000o\000d\000\040\000d\000o\000\040\000d\000i\000p\000l\000o\000m\000o\000v\000e\000j\000\040\000p\000r\000\341\000c\000e}{}% 1
\BOOKMARK [0][-]{chapter.5}{\376\377\000M\000i\000k\000r\000o\000t\000i\000k\000\040\000a\000\040\000R\000o\000u\000t\000e\000r\000O\000S\000\040\000\050\000S\000w\000i\000t\000c\000h\000O\000S\000\051}{}% 2
\BOOKMARK [1][-]{section.6}{\376\377\000M\000i\000k\000r\000o\000t\000i\000k\000\040\000A\000P\000I}{chapter.5}% 3
\BOOKMARK [2][-]{subsection.7}{\376\377\000P\000o\001\176\000i\000a\000d\000a\000v\000k\000y\000\040\000n\000a\000\040\000p\000o\000u\001\176\000i\000t\000i\000e\000\040\000A\000P\000I}{section.6}% 4
\BOOKMARK [2][-]{subsection.8}{\376\377\000P\000o\000r\000t\000y}{section.6}% 5
\BOOKMARK [2][-]{subsection.9}{\376\377\000Z\000\341\000k\000l\000a\000d\000n\000\375\000\040\000p\000o\000r\000t\000\040\0008\0007\0002\0008}{section.6}% 6
\BOOKMARK [2][-]{subsection.10}{\376\377\000S\000S\000L\000\040\000p\000o\000r\000t\000\040\0008\0007\0002\0009}{section.6}% 7
\BOOKMARK [1][-]{section.15}{\376\377\000A\000P\000I\000\040\000s\000l\000o\000v\000\341}{chapter.5}% 8
\BOOKMARK [1][-]{section.16}{\376\377\000P\000r\000\355\000k\000a\000z\000o\000v\000\351\000\040\000s\000l\000o\000v\000\341\000\040\000A\000P\000I}{chapter.5}% 9
\BOOKMARK [1][-]{section.17}{\376\377\000P\000o\000u\001\176\000i\000t\000i\000e\000\040\000a\000t\000r\000i\000b\000\372\000t\000o\000v\000\040\000v\000\040\000p\000r\000\355\000k\000a\000z\000e\000\040\000a\000\040\000f\000i\000l\000t\000r\000o\000v\000a\000n\000i\000e}{chapter.5}% 10
\BOOKMARK [1][-]{section.18}{\376\377\001\140\000p\000e\000c\000i\000\341\000l\000n\000e\000\040\000s\000l\000o\000v\000\341\000\040\000A\000P\000I}{chapter.5}% 11
\BOOKMARK [0][-]{chapter.19}{\376\377\000P\000r\000i\000p\000o\000j\000e\000n\000i\000e\000\040\000n\000a\000\040\000M\000i\000k\000r\000o\000t\000i\000k}{}% 12
\BOOKMARK [1][-]{section.20}{\376\377\000M\000o\001\176\000n\000o\000s\000t\000i\000\040\000p\000r\000i\000p\000o\000j\000e\000n\000i\000a}{chapter.19}% 13
\BOOKMARK [1][-]{section.21}{\376\377\000P\000r\000i\000p\000o\000j\000e\000n\000i\000e\000\040\000p\000o\000m\000o\000c\000o\000u\000\040\000w\000i\000n\000b\000o\000x\000u}{chapter.19}% 14
\BOOKMARK [1][-]{section.24}{\376\377\000P\000r\000i\000p\000o\000j\000e\000n\000i\000e\000\040\000p\000o\000m\000o\000c\000o\000u\000\040\000w\000e\000b\000f\000i\000g\000u}{chapter.19}% 15
\BOOKMARK [1][-]{section.27}{\376\377\000M\000a\000c\000t\000e\000l\000n\000e\000t}{chapter.19}% 16
\BOOKMARK [1][-]{section.30}{\376\377\000P\000r\000i\000p\000o\000j\000e\000n\000i\000e\000\040\000p\000o\000m\000o\000c\000o\000u\000\040\000t\000e\000l\000n\000e\000t\000\040\000a\000\040\000S\000S\000H}{chapter.19}% 17
\BOOKMARK [2][-]{subsection.31}{\376\377\000P\000r\000i\000p\000o\000j\000e\000n\000i\000e\000\040\000c\000e\000t\000\040\000t\000e\000l\000n\000e\000t}{section.30}% 18
\BOOKMARK [2][-]{subsection.32}{\376\377\000P\000r\000i\000p\000o\000j\000e\000n\000i\000e\000\040\000p\000o\000m\000o\000c\000o\000u\000\040\000s\000s\000h}{section.30}% 19
\BOOKMARK [0][-]{chapter.35}{\376\377\000P\000r\000o\000g\000r\000a\000m\000o\000v\000a\000c\000\355\000\040\000j\000a\000z\000y\000k\000\040\000P\000y\000t\000h\000o\000n}{}% 20
\BOOKMARK [1][-]{section.36}{\376\377\000P\000y\000t\000h\000o\000n\000\040\0002}{chapter.35}% 21
\BOOKMARK [1][-]{section.37}{\376\377\000P\000y\000t\000h\000o\000n\000\040\0003}{chapter.35}% 22
\BOOKMARK [1][-]{section.38}{\376\377\000P\000r\000o\000s\000t\000r\000e\000d\000i\000a\000\040\000n\000a\000\040\000p\000r\000o\000g\000r\000a\000m\000o\000v\000a\000n\000i\000e\000\040\000v\000\040\000j\000a\000z\000y\000k\000u\000\040\000P\000y\000t\000h\000o\000n}{chapter.35}% 23
\BOOKMARK [1][-]{section.39}{\376\377\000P\000y\000c\000h\000a\000r\000m}{chapter.35}% 24
\BOOKMARK [0][-]{chapter.42}{\376\377\000P\000o\000u\001\176\000i\000t\000\351\000\040\000k\000n\000i\001\176\000n\000i\000c\000e\000\040\000v\000\040\000d\000i\000p\000l\000o\000m\000o\000v\000e\000j\000\040\000p\000r\000\341\000c\000i}{}% 25
\BOOKMARK [1][-]{section.43}{\376\377\000O\000S\000.\000S\000Y\000S\000T\000E\000M}{chapter.42}% 26
\BOOKMARK [1][-]{section.61}{\376\377\000T\000e\000l\000n\000e\000t\000l\000i\000b}{chapter.42}% 27
\BOOKMARK [1][-]{section.80}{\376\377\000P\000x\000s\000s\000h\000\040\000a\000\040\000p\000x\000e\000x\000p\000e\000c\000t}{chapter.42}% 28
\BOOKMARK [2][-]{subsection.81}{\376\377\000I\000n\001\141\000t\000a\000l\000\341\000c\000i\000a\000\040\000p\000e\000x\000p\000e\000c\000t}{section.80}% 29
\BOOKMARK [1][-]{section.103}{\376\377\000T\000i\000k\000A\000p\000y}{chapter.42}% 30
\BOOKMARK [0][-]{chapter.125}{\376\377\000K\000o\000n\000z\000o\000l\000o\000v\000\341\000\040\001\015\000a\000s\001\145\000\040\000a\000p\000l\000i\000k\000\341\000c\000i\000e\000\040\000n\000a\000\040\000s\000p\000r\000\341\000v\000u\000\040\000m\000i\000k\000r\000o\000t\000i\000k\000o\000v}{}% 31
\BOOKMARK [1][-]{section.126}{\376\377\000P\000o\000p\000i\000s\000\040\000n\000a\000p\000r\000o\000g\000r\000a\000m\000o\000v\000a\000n\000e\000j\000\040\001\015\000a\000s\000t\000i\000\040\000p\000r\000i\000h\000l\000a\000s\000o\000v\000a\000n\000i\000a\000\040\000n\000a\000\040\000m\000i\000k\000r\000o\000t\000i\000k}{chapter.125}% 32
\BOOKMARK [2][-]{subsection.129}{\376\377\000S\000\372\000b\000o\000r\000\040\000c\000e\000n\000t\000r\000a\000l\000C\000o\000n\000t\000r\000o\000l}{section.126}% 33
\BOOKMARK [2][-]{subsection.188}{\376\377\000S\000\372\000b\000o\000r\000\040\000C\000o\000n\000s\000t\000r\000u\000c\000t\000o\000r\000s}{section.126}% 34
\BOOKMARK [2][-]{subsection.191}{\376\377\000S\000\372\000b\000o\000r\000\040\000d\000h\000c\000p\000C\000l\000i\000e\000n\000t}{section.126}% 35
\BOOKMARK [2][-]{subsection.239}{\376\377\000S\000\372\000b\000o\000r\000\040\000L\000o\000g\000i\000n\000M\000a\000n\000a\000g\000e\000r}{section.126}% 36
\BOOKMARK [1][-]{section.324}{\376\377\000R\000o\000z\000b\000o\000r\000\040\000h\000l\000a\000v\000n\000e\000j\000\040\001\015\000a\000s\000t\000i\000\040\000b\000a\000c\000k\000e\000n\000d\000u}{chapter.125}% 37
\BOOKMARK [0][-]{chapter.325}{\376\377\000H\000l\000a\000v\000n\000\341\000\040\001\015\000a\000s\001\145\000\040\000b\000a\000c\000k\000e\000n\000d\000u}{}% 38
\BOOKMARK [1][-]{section.326}{\376\377\000Z\000l\000o\001\176\000k\000a\000\040\000b\000r\000i\000d\000g\000e}{chapter.325}% 39
\BOOKMARK [2][-]{subsection.327}{\376\377\000P\000o\000p\000i\000s\000\040\000t\000r\000i\000e\000d\000\040\000z\000l\000o\001\176\000k\000y}{section.326}% 40
\BOOKMARK [2][-]{subsection.328}{\376\377\000V\000y\000b\000r\000a\000n\000\375\000\040\000a\000n\000a\000l\000y\000z\000o\000v\000a\000n\000\375\000\040\000s\000\372\000b\000o\000r}{section.326}% 41
\BOOKMARK [1][-]{section.333}{\376\377\000Z\000l\000o\001\176\000k\000a\000\040\000c\000a\000p\000s\000m\000a\000n}{chapter.325}% 42
\BOOKMARK [2][-]{subsection.334}{\376\377\000P\000o\000p\000i\000s\000\040\000t\000r\000i\000e\000d\000\040\000z\000l\000o\001\176\000k\000y}{section.333}% 43
\BOOKMARK [2][-]{subsection.335}{\376\377\000V\000y\000b\000r\000a\000n\000\375\000\040\000a\000n\000a\000l\000y\000z\000o\000v\000a\000n\000\375\000\040\000s\000\372\000b\000o\000r}{section.333}% 44
\BOOKMARK [1][-]{section.340}{\376\377\000Z\000l\000o\001\176\000k\000a\000\040\000D\000u\000d\000e}{chapter.325}% 45
\BOOKMARK [2][-]{subsection.341}{\376\377\000P\000o\000p\000i\000s\000\040\000t\000r\000i\000e\000d\000\040\000z\000l\000o\001\176\000k\000y}{section.340}% 46
\BOOKMARK [2][-]{subsection.342}{\376\377\000A\000n\000a\000l\000\375\000z\000a\000\040\000v\000y\000b\000r\000a\000n\000\351\000h\000o\000\040\000s\000\372\000b\000o\000r\000u}{section.340}% 47
\BOOKMARK [1][-]{section.347}{\376\377\000Z\000l\000o\001\176\000k\000a\000\040\000I\000n\000t\000e\000r\000f\000a\000c\000e\000s}{chapter.325}% 48
\BOOKMARK [2][-]{subsection.348}{\376\377\000P\000o\000p\000i\000s\000\040\000t\000r\000i\000e\000d\000\040\000z\000l\000o\001\176\000k\000y}{section.347}% 49
\BOOKMARK [2][-]{subsection.349}{\376\377\000A\000n\000a\000l\000\375\000z\000a\000\040\000v\000y\000b\000r\000a\000n\000\351\000h\000o\000\040\000s\000\372\000b\000o\000r\000u}{section.347}% 50
\BOOKMARK [1][-]{section.354}{\376\377\000Z\000l\000o\001\176\000k\000a\000\040\000I\000P\000v\0004}{chapter.325}% 51
\BOOKMARK [2][-]{subsection.355}{\376\377\000P\000o\000p\000i\000s\000\040\000t\000r\000i\000e\000d\000\040\000z\000l\000o\001\176\000k\000y}{section.354}% 52
\BOOKMARK [2][-]{subsection.356}{\376\377\000A\000n\000a\000l\000\375\000z\000a\000\040\000v\000y\000b\000r\000a\000n\000\351\000h\000o\000\040\000s\000\372\000b\000o\000r\000u}{section.354}% 53
\BOOKMARK [1][-]{section.361}{\376\377\000Z\000l\000o\001\176\000k\000a\000\040\000I\000P\000v\0006}{chapter.325}% 54
\BOOKMARK [2][-]{subsection.362}{\376\377\000P\000o\000p\000i\000s\000\040\000t\000r\000i\000e\000d\000\040\000z\000l\000o\001\176\000k\000y}{section.361}% 55
\BOOKMARK [2][-]{subsection.363}{\376\377\000A\000n\000y\000l\000\375\000z\000a\000\040\000v\000y\000b\000r\000a\000n\000\351\000h\000o\000\040\000s\000\372\000b\000o\000r\000u}{section.361}% 56
\BOOKMARK [1][-]{section.368}{\376\377\000Z\000l\000o\001\176\000k\000y\000\040\000K\000V\000M\000,\000\040\000l\000o\000g\000\040\000a\000\040\000m\000a\000k\000e\000S\000u\000p\000p\000o\000r\000t\000F\000i\000l\000e}{chapter.325}% 57
\BOOKMARK [2][-]{subsection.369}{\376\377\000P\000o\000p\000i\000s\000\040\000t\000r\000i\000e\000d\000y\000\040\000z\000l\000o\001\176\000k\000y\000\040\000K\000V\000M}{section.368}% 58
\BOOKMARK [2][-]{subsection.374}{\376\377\000P\000o\000p\000i\000s\000\040\000t\000r\000i\000e\000d\000y\000\040\000z\000l\000o\001\176\000k\000y\000\040\000l\000o\000g}{section.368}% 59
\BOOKMARK [2][-]{subsection.381}{\376\377\000P\000o\000p\000i\000s\000\040\000t\000r\000i\000e\000d\000y\000\040\000m\000a\000k\000e\000S\000u\000p\000p\000o\000r\000t\000F\000i\000l\000e}{section.368}% 60
\BOOKMARK [1][-]{section.386}{\376\377\000Z\000l\000o\001\176\000k\000a\000\040\000M\000e\000s\000h}{chapter.325}% 61
\BOOKMARK [2][-]{subsection.387}{\376\377\000P\000o\000p\000i\000s\000\040\000t\000r\000i\000e\000d\000\040\000z\000l\000o\001\176\000k\000y}{section.386}% 62
\BOOKMARK [2][-]{subsection.388}{\376\377\000A\000n\000a\000l\000\375\000z\000a\000\040\000v\000y\000b\000r\000a\000n\000\351\000h\000o\000\040\000s\000\372\000b\000o\000r\000u}{section.386}% 63
\BOOKMARK [1][-]{section.393}{\376\377\000Z\000l\000o\001\176\000k\000a\000\040\000M\000P\000L\000S}{chapter.325}% 64
\BOOKMARK [2][-]{subsection.394}{\376\377\000P\000o\000p\000i\000s\000\040\000t\000r\000i\000e\000d\000\040\000z\000l\000o\001\176\000k\000y}{section.393}% 65
\BOOKMARK [2][-]{subsection.395}{\376\377\000A\000n\000y\000l\000\375\000z\000a\000\040\000v\000y\000b\000r\000a\000n\000\351\000h\000o\000\040\000s\000\372\000b\000o\000r\000u}{section.393}% 66
\BOOKMARK [1][-]{section.400}{\376\377\000Z\000l\000o\001\176\000k\000a\000\040\000P\000P\000P}{chapter.325}% 67
\BOOKMARK [2][-]{subsection.401}{\376\377\000P\000o\000p\000i\000s\000\040\000t\000r\000i\000e\000d\000\040\000z\000l\000o\001\176\000k\000y}{section.400}% 68
\BOOKMARK [2][-]{subsection.402}{\376\377\000A\000n\000a\000l\000y\000z\000o\000v\000a\000n\000\375\000\040\000s\000\372\000b\000o\000r}{section.400}% 69
\BOOKMARK [1][-]{section.407}{\376\377\000Z\000l\000o\001\176\000k\000a\000\040\000Q\000u\000e\000u\000e\000s}{chapter.325}% 70
\BOOKMARK [2][-]{subsection.408}{\376\377\000Z\000o\000z\000n\000a\000m\000\040\000t\000r\000i\000e\000d\000\040\000z\000l\000o\001\176\000k\000y}{section.407}% 71
\BOOKMARK [2][-]{subsection.409}{\376\377\000A\000n\000a\000l\000\341\000z\000a\000\040\000v\000y\000b\000r\000a\000n\000\351\000h\000o\000\040\000s\000\372\000b\000o\000r\000u}{section.407}% 72
\BOOKMARK [1][-]{section.414}{\376\377\000Z\000l\000o\001\176\000k\000a\000\040\000R\000a\000d\000i\000u\000s}{chapter.325}% 73
\BOOKMARK [1][-]{section.419}{\376\377\000Z\000l\000o\001\176\000k\000a\000\040\000r\000o\000u\000t\000i\000n\000g}{chapter.325}% 74
\BOOKMARK [2][-]{subsection.420}{\376\377\000Z\000o\000z\000n\000a\000m\000\040\000t\000r\000i\000e\000d\000\040\000z\000l\000o\001\176\000i\000e\000k}{section.419}% 75
\BOOKMARK [2][-]{subsection.421}{\376\377\000A\000n\000a\000l\000\375\000z\000a\000\040\000v\000y\000b\000r\000a\000n\000\351\000h\000o\000\040\000s\000\372\000b\000o\000r\000u}{section.419}% 76
\BOOKMARK [1][-]{section.426}{\376\377\000Z\000l\000o\001\176\000k\000a\000\040\000s\000w\000i\000t\000c\000h}{chapter.325}% 77
\BOOKMARK [2][-]{subsection.427}{\376\377\000Z\000o\000z\000n\000a\000m\000\040\000t\000r\000i\000e\000d\000\040\000z\000l\000o\001\176\000k\000y}{section.426}% 78
\BOOKMARK [2][-]{subsection.428}{\376\377\000A\000n\000a\000l\000\375\000z\000a\000\040\000v\000y\000b\000r\000a\000n\000\351\000h\000o\000\040\000s\000\372\000b\000o\000r\000u}{section.426}% 79
\BOOKMARK [1][-]{section.433}{\376\377\000Z\000l\000o\001\176\000k\000a\000\040\000S\000y\000s\000t\000e\000m}{chapter.325}% 80
\BOOKMARK [2][-]{subsection.434}{\376\377\000Z\000o\000z\000n\000a\000m\000\040\000s\000\372\000b\000o\000r\000o\000v\000\040\000z\000l\000o\001\176\000k\000y}{section.433}% 81
\BOOKMARK [2][-]{subsection.435}{\376\377\000A\000n\000a\000l\000\375\000z\000a\000\040\000v\000y\000b\000r\000a\000n\000\351\000h\000o\000\040\000s\000\372\000b\000o\000r\000u}{section.433}% 82
\BOOKMARK [1][-]{section.440}{\376\377\000Z\000l\000o\001\176\000k\000a\000\040\000t\000o\000o\000l\000s}{chapter.325}% 83
\BOOKMARK [2][-]{subsection.441}{\376\377\000Z\000o\000z\000n\000a\000m\000\040\000s\000\372\000b\000o\000r\000o\000v\000\040\000z\000l\000o\001\176\000k\000y}{section.440}% 84
\BOOKMARK [2][-]{subsection.442}{\376\377\000A\000n\000a\000l\000\375\000z\000a\000\040\000v\000y\000b\000r\000a\000n\000\351\000h\000o\000\040\000s\000\372\000b\000o\000r\000u}{section.440}% 85
\BOOKMARK [1][-]{section.447}{\376\377\000Z\000l\000o\001\176\000k\000a\000\040\000W\000i\000r\000e\000l\000e\000s\000s}{chapter.325}% 86
\BOOKMARK [2][-]{subsection.448}{\376\377\000Z\000o\000z\000n\000a\000m\000\040\000t\000r\000i\000e\000d\000\040\000z\000l\000o\001\176\000k\000y}{section.447}% 87
\BOOKMARK [2][-]{subsection.449}{\376\377\000A\000n\000a\000l\000\375\000z\000a\000\040\000v\000y\000b\000r\000a\000n\000\351\000h\000o\000\040\000s\000\372\000b\000o\000r\000u}{section.447}% 88
\BOOKMARK [0][-]{chapter.454}{\376\377\000G\000r\000a\000f\000i\000c\000k\000\341\000\040\001\015\000a\000s\001\145\000\040\000a\000p\000l\000i\000k\000\341\000c\000i\000e\000\040\000\050\000f\000r\000o\000n\000t\000e\000n\000d\000\051}{}% 89
\BOOKMARK [1][-]{section.455}{\376\377\000Q\000T\0004\000\040\000d\000i\000s\000i\000g\000n\000e\000r}{chapter.454}% 90
\BOOKMARK [1][-]{section.456}{\376\377\000P\000y\000Q\000T\000\040\0004}{chapter.454}% 91
\BOOKMARK [0][-]{chapter.457}{\376\377\000G\000r\000a\000f\000i\000c\000k\000\341\000\040\000a\000p\000l\000i\000k\000\341\000c\000i\000a}{}% 92
\BOOKMARK [1][-]{section.458}{\376\377\000H\000l\000a\000v\000n\000\351\000\040\000p\000r\000i\000h\000l\000a\000s\000o\000v\000a\000v\000i\000e\000\040\000o\000k\000n\000o}{chapter.457}% 93
\BOOKMARK [2][-]{subsection.465}{\376\377\000H\000l\000a\000v\000n\000\351\000\040\000o\000k\000n\000o\000\040\000k\000o\000n\000f\000i\000g\000u\000r\000a\001\015\000n\000e\000j\000\040\000a\000p\000l\000i\000k\000\341\000c\000i\000e}{section.458}% 94
\BOOKMARK [1][-]{section.468}{\376\377\000P\000o\000l\000o\001\176\000k\000y\000\040\000h\000l\000a\000v\000n\000\351\000h\000o\000\040\000m\000e\000n\000u}{chapter.457}% 95
\BOOKMARK [2][-]{subsection.469}{\376\377\000U\000k\000\341\001\176\000k\000a\000\040\000f\000u\000n\000g\000o\000v\000a\000n\000i\000a\000\040\000a\000p\000l\000i\000k\000\341\000c\000i\000e\000\040\000c\000e\000z\000\040\000m\000e\000n\000u\000\040\000I\000n\000t\000e\000r\000f\000a\000c\000e}{section.468}% 96
\BOOKMARK [0][-]{chapter.480}{\376\377\000N\000\341\000v\000o\000d\000\040\000n\000a\000\040\000i\000n\001\141\000t\000a\000l\000\341\000c\000i\000u\000\040\000a\000\040\000s\000p\000u\000s\000t\000e\000n\000i\000e}{}% 97
\BOOKMARK [0][-]{chapter.481}{\376\377\000T\000e\000s\000t\000o\000v\000a\000n\000i\000e\000\040\000a\000p\000l\000i\000k\000\341\000c\000i\000e}{}% 98
\BOOKMARK [0][-]{chapter.482}{\376\377\000Z\000\341\000v\000e\000r}{}% 99
\BOOKMARK [0][-]{section*.484}{\376\377\000L\000i\000t\000e\000r\000a\000t\000\372\000r\000a}{}% 100
\BOOKMARK [0][-]{section*.486}{\376\377\000Z\000o\000z\000n\000a\000m\000\040\000s\000y\000m\000b\000o\000l\000o\000v\000,\000\040\000v\000e\000l\000i\001\015\000\355\000n\000\040\000a\000\040\000s\000k\000r\000a\000t\000i\000e\000k}{}% 101
\BOOKMARK [0][-]{section*.488}{\376\377\000Z\000o\000z\000n\000a\000m\000\040\000p\000r\000\355\000l\000o\000h}{}% 102
\BOOKMARK [1][-]{section.489}{\376\377\000U\000l\000o\001\176\000e\000n\000\351\000\040\000g\000i\000t\000\040\000r\000e\000p\000o\000z\000i\000t\000\341\000r\000e\000\040}{section*.488}% 103
\BOOKMARK [1][-]{section.490}{\376\377\000O\000b\000s\000a\000h\000\040\000p\000r\000i\000l\000o\001\176\000e\000n\000\351\000h\000o\000\040\000D\000V\000D\000\040}{section*.488}% 104
